#
# There is insufficient memory for the Java Runtime Environment to continue.
# Native memory allocation (mmap) failed to map 65011712 bytes for committing reserved memory.
# Possible reasons:
#   The system is out of physical RAM or swap space
#   In 32 bit mode, the process size limit was hit
# Possible solutions:
#   Reduce memory load on the system
#   Increase physical memory or swap space
#   Check if swap backing store is full
#   Use 64 bit Java on a 64 bit OS
#   Decrease Java heap size (-Xmx/-Xms)
#   Decrease number of Java threads
#   Decrease Java thread stack sizes (-Xss)
#   Set larger code cache with -XX:ReservedCodeCacheSize=
# This output file may be truncated or incomplete.
#
#  Out of Memory Error (os_linux.cpp:2640), pid=27306, tid=0x00007f4479a23700
#
# JRE version: Java(TM) SE Runtime Environment (8.0_131-b11) (build 1.8.0_131-b11)
# Java VM: Java HotSpot(TM) 64-Bit Server VM (25.131-b11 mixed mode linux-amd64 compressed oops)
# Failed to write core dump. Core dumps have been disabled. To enable core dumping, try "ulimit -c unlimited" before starting Java again
#

---------------  T H R E A D  ---------------

Current thread (0x00007f448c077800):  VMThread [stack: 0x00007f4479923000,0x00007f4479a24000] [id=27318]

Stack: [0x00007f4479923000,0x00007f4479a24000],  sp=0x00007f4479a21fe0,  free space=1019k
Native frames: (J=compiled Java code, j=interpreted, Vv=VM code, C=native code)
V  [libjvm.so+0xac826a]  VMError::report_and_die()+0x2ba
V  [libjvm.so+0x4fd4cb]  report_vm_out_of_memory(char const*, int, unsigned long, VMErrorType, char const*)+0x8b
V  [libjvm.so+0x924f53]  os::Linux::commit_memory_impl(char*, unsigned long, bool)+0x103
V  [libjvm.so+0x9254a9]  os::pd_commit_memory(char*, unsigned long, unsigned long, bool)+0x29
V  [libjvm.so+0x91f6ca]  os::commit_memory(char*, unsigned long, unsigned long, bool)+0x2a
V  [libjvm.so+0x9941e3]  PSVirtualSpace::expand_by(unsigned long)+0x53
V  [libjvm.so+0x9955e8]  PSYoungGen::resize_generation(unsigned long, unsigned long)+0xf8
V  [libjvm.so+0x994742]  PSYoungGen::resize(unsigned long, unsigned long)+0x22
V  [libjvm.so+0x991a1b]  PSScavenge::invoke_no_policy()+0xf3b
V  [libjvm.so+0x9921a1]  PSScavenge::invoke()+0x41
V  [libjvm.so+0x948f00]  ParallelScavengeHeap::failed_mem_allocate(unsigned long)+0x70
V  [libjvm.so+0xac9c87]  VM_ParallelGCFailedAllocation::doit()+0x97
V  [libjvm.so+0xad1765]  VM_Operation::evaluate()+0x55
V  [libjvm.so+0xacfb3a]  VMThread::evaluate_operation(VM_Operation*)+0xba
V  [libjvm.so+0xacfebe]  VMThread::loop()+0x1ce
V  [libjvm.so+0xad0330]  VMThread::run()+0x70
V  [libjvm.so+0x927568]  java_start(Thread*)+0x108

VM_Operation (0x00007f44925ef000): ParallelGCFailedAllocation, mode: safepoint, requested by thread 0x00007f448c009800


---------------  P R O C E S S  ---------------

Java Threads: ( => current thread )
  0x00007f448d068000 JavaThread "pool-1-thread-1" [_thread_blocked, id=27327, stack(0x00007f446aad1000,0x00007f446abd2000)]
  0x00007f448c0c0800 JavaThread "Service Thread" daemon [_thread_blocked, id=27325, stack(0x00007f4478a08000,0x00007f4478b09000)]
  0x00007f448c0bd000 JavaThread "C1 CompilerThread2" daemon [_thread_blocked, id=27324, stack(0x00007f4478b09000,0x00007f4478c0a000)]
  0x00007f448c0bb800 JavaThread "C2 CompilerThread1" daemon [_thread_blocked, id=27323, stack(0x00007f4478c0a000,0x00007f4478d0b000)]
  0x00007f448c0b8800 JavaThread "C2 CompilerThread0" daemon [_thread_blocked, id=27322, stack(0x00007f4478d0b000,0x00007f4478e0c000)]
  0x00007f448c0b7000 JavaThread "Signal Dispatcher" daemon [_thread_blocked, id=27321, stack(0x00007f4478e0c000,0x00007f4478f0d000)]
  0x00007f448c084000 JavaThread "Finalizer" daemon [_thread_blocked, id=27320, stack(0x00007f4479721000,0x00007f4479822000)]
  0x00007f448c07f800 JavaThread "Reference Handler" daemon [_thread_blocked, id=27319, stack(0x00007f4479822000,0x00007f4479923000)]
  0x00007f448c009800 JavaThread "main" [_thread_blocked, id=27313, stack(0x00007f44924f4000,0x00007f44925f5000)]

Other Threads:
=>0x00007f448c077800 VMThread [stack: 0x00007f4479923000,0x00007f4479a24000] [id=27318]
  0x00007f448c0c3000 WatcherThread [stack: 0x00007f4478907000,0x00007f4478a08000] [id=27326]

VM state:at safepoint (normal execution)

VM Mutex/Monitor currently owned by a thread:  ([mutex/lock_event])
[0x00007f448c005f50] Threads_lock - owner thread: 0x00007f448c077800
[0x00007f448c006450] Heap_lock - owner thread: 0x00007f448c009800

Heap:
 PSYoungGen      total 68608K, used 5088K [0x00000000d6e00000, 0x00000000db600000, 0x0000000100000000)
  eden space 63488K, 0% used [0x00000000d6e00000,0x00000000d6e00000,0x00000000dac00000)
  from space 5120K, 99% used [0x00000000dac00000,0x00000000db0f8050,0x00000000db100000)
  to   space 5120K, 0% used [0x00000000db100000,0x00000000db100000,0x00000000db600000)
 ParOldGen       total 84992K, used 7906K [0x0000000084a00000, 0x0000000089d00000, 0x00000000d6e00000)
  object space 84992K, 9% used [0x0000000084a00000,0x00000000851b8a48,0x0000000089d00000)
 Metaspace       used 20132K, capacity 20422K, committed 20608K, reserved 1067008K
  class space    used 2765K, capacity 2864K, committed 2944K, reserved 1048576K

Card table byte_map: [0x00007f447be0e000,0x00007f447c1ea000] byte_map_base: 0x00007f447b9e9000

Marking Bits: (ParMarkBitMap*) 0x00007f44919d1f60
 Begin Bits: [0x00007f4470250000, 0x00007f4472128000)
 End Bits:   [0x00007f4472128000, 0x00007f4474000000)

Polling page: 0x00007f449261f000

CodeCache: size=245760Kb used=5828Kb max_used=5832Kb free=239931Kb
 bounds [0x00007f447c5aa000, 0x00007f447cb6a000, 0x00007f448b5aa000]
 total_blobs=1922 nmethods=1328 adapters=507
 compilation: enabled

Compilation events (10 events):
Event: 50,142 Thread 0x00007f448c0bd000 nmethod 1342 0x00007f447cb533d0 code [0x00007f447cb53560, 0x00007f447cb53988]
Event: 50,145 Thread 0x00007f448c0bd000 1343       3       com.google.common.cache.LocalCache::evictsBySize (15 bytes)
Event: 50,146 Thread 0x00007f448c0bd000 nmethod 1343 0x00007f447cb4ea10 code [0x00007f447cb4eb80, 0x00007f447cb4ed30]
Event: 50,146 Thread 0x00007f448c0bd000 1344       3       com.google.common.cache.LocalCache::discardingQueue (4 bytes)
Event: 50,146 Thread 0x00007f448c0bd000 nmethod 1344 0x00007f447cb43210 code [0x00007f447cb43360, 0x00007f447cb43490]
Event: 50,146 Thread 0x00007f448c0bd000 1345       3       com.google.common.cache.LocalCache::expiresAfterAccess (15 bytes)
Event: 50,146 Thread 0x00007f448c0bd000 nmethod 1345 0x00007f447cb53010 code [0x00007f447cb53180, 0x00007f447cb53330]
Event: 50,156 Thread 0x00007f448c0bd000 1346       3       java.util.zip.ZStreamRef::clear (6 bytes)
Event: 50,157 Thread 0x00007f448c0bd000 nmethod 1346 0x00007f447cb52cd0 code [0x00007f447cb52e20, 0x00007f447cb52f90]
Event: 50,267 Thread 0x00007f448c0bd000 1347       3       java.util.concurrent.atomic.AtomicReferenceArray::checkedByteOffset (45 bytes)

GC Heap History (5 events):
Event: 0,869 GC heap before
{Heap before GC invocations=1 (full 0):
 PSYoungGen      total 36864K, used 31744K [0x00000000d6e00000, 0x00000000d9700000, 0x0000000100000000)
  eden space 31744K, 100% used [0x00000000d6e00000,0x00000000d8d00000,0x00000000d8d00000)
  from space 5120K, 0% used [0x00000000d9200000,0x00000000d9200000,0x00000000d9700000)
  to   space 5120K, 0% used [0x00000000d8d00000,0x00000000d8d00000,0x00000000d9200000)
 ParOldGen       total 84992K, used 0K [0x0000000084a00000, 0x0000000089d00000, 0x00000000d6e00000)
  object space 84992K, 0% used [0x0000000084a00000,0x0000000084a00000,0x0000000089d00000)
 Metaspace       used 8345K, capacity 8602K, committed 8704K, reserved 1056768K
  class space    used 1094K, capacity 1186K, committed 1280K, reserved 1048576K
Event: 0,890 GC heap after
Heap after GC invocations=1 (full 0):
 PSYoungGen      total 36864K, used 4958K [0x00000000d6e00000, 0x00000000db600000, 0x0000000100000000)
  eden space 31744K, 0% used [0x00000000d6e00000,0x00000000d6e00000,0x00000000d8d00000)
  from space 5120K, 96% used [0x00000000d8d00000,0x00000000d91d7978,0x00000000d9200000)
  to   space 5120K, 0% used [0x00000000db100000,0x00000000db100000,0x00000000db600000)
 ParOldGen       total 84992K, used 8K [0x0000000084a00000, 0x0000000089d00000, 0x00000000d6e00000)
  object space 84992K, 0% used [0x0000000084a00000,0x0000000084a02000,0x0000000089d00000)
 Metaspace       used 8345K, capacity 8602K, committed 8704K, reserved 1056768K
  class space    used 1094K, capacity 1186K, committed 1280K, reserved 1048576K
}
Event: 1,400 GC heap before
{Heap before GC invocations=2 (full 0):
 PSYoungGen      total 36864K, used 36702K [0x00000000d6e00000, 0x00000000db600000, 0x0000000100000000)
  eden space 31744K, 100% used [0x00000000d6e00000,0x00000000d8d00000,0x00000000d8d00000)
  from space 5120K, 96% used [0x00000000d8d00000,0x00000000d91d7978,0x00000000d9200000)
  to   space 5120K, 0% used [0x00000000db100000,0x00000000db100000,0x00000000db600000)
 ParOldGen       total 84992K, used 8K [0x0000000084a00000, 0x0000000089d00000, 0x00000000d6e00000)
  object space 84992K, 0% used [0x0000000084a00000,0x0000000084a02000,0x0000000089d00000)
 Metaspace       used 10921K, capacity 11220K, committed 11392K, reserved 1058816K
  class space    used 1510K, capacity 1612K, committed 1664K, reserved 1048576K
Event: 1,411 GC heap after
Heap after GC invocations=2 (full 0):
 PSYoungGen      total 68608K, used 5099K [0x00000000d6e00000, 0x00000000db600000, 0x0000000100000000)
  eden space 63488K, 0% used [0x00000000d6e00000,0x00000000d6e00000,0x00000000dac00000)
  from space 5120K, 99% used [0x00000000db100000,0x00000000db5fadf8,0x00000000db600000)
  to   space 5120K, 0% used [0x00000000dac00000,0x00000000dac00000,0x00000000db100000)
 ParOldGen       total 84992K, used 134K [0x0000000084a00000, 0x0000000089d00000, 0x00000000d6e00000)
  object space 84992K, 0% used [0x0000000084a00000,0x0000000084a21a28,0x0000000089d00000)
 Metaspace       used 10921K, capacity 11220K, committed 11392K, reserved 1058816K
  class space    used 1510K, capacity 1612K, committed 1664K, reserved 1048576K
}
Event: 50,337 GC heap before
{Heap before GC invocations=3 (full 0):
 PSYoungGen      total 68608K, used 68587K [0x00000000d6e00000, 0x00000000db600000, 0x0000000100000000)
  eden space 63488K, 100% used [0x00000000d6e00000,0x00000000dac00000,0x00000000dac00000)
  from space 5120K, 99% used [0x00000000db100000,0x00000000db5fadf8,0x00000000db600000)
  to   space 5120K, 0% used [0x00000000dac00000,0x00000000dac00000,0x00000000db100000)
 ParOldGen       total 84992K, used 134K [0x0000000084a00000, 0x0000000089d00000, 0x00000000d6e00000)
  object space 84992K, 0% used [0x0000000084a00000,0x0000000084a21a28,0x0000000089d00000)
 Metaspace       used 20132K, capacity 20422K, committed 20608K, reserved 1067008K
  class space    used 2765K, capacity 2864K, committed 2944K, reserved 1048576K

Deoptimization events (10 events):
Event: 2,368 Thread 0x00007f448c009800 Uncommon trap: reason=class_check action=maybe_recompile pc=0x00007f447c8b8588 method=sun.misc.URLClassPath.getLoader(I)Lsun/misc/URLClassPath$Loader; @ 239
Event: 13,187 Thread 0x00007f448c009800 Uncommon trap: reason=unstable_if action=reinterpret pc=0x00007f447c7dc70c method=java.util.HashMap.hash(Ljava/lang/Object;)I @ 1
Event: 34,997 Thread 0x00007f448c009800 Uncommon trap: reason=unstable_if action=reinterpret pc=0x00007f447c7d2be0 method=java.util.HashMap.getNode(ILjava/lang/Object;)Ljava/util/HashMap$Node; @ 53
Event: 35,128 Thread 0x00007f448c009800 Uncommon trap: reason=unstable_if action=reinterpret pc=0x00007f447c86830c method=java.util.HashMap.hash(Ljava/lang/Object;)I @ 1
Event: 35,133 Thread 0x00007f448c009800 Uncommon trap: reason=unstable_if action=reinterpret pc=0x00007f447c82d0a8 method=java.util.HashMap.putVal(ILjava/lang/Object;Ljava/lang/Object;ZZ)Ljava/lang/Object; @ 85
Event: 35,922 Thread 0x00007f448c009800 Uncommon trap: reason=class_check action=maybe_recompile pc=0x00007f447c8dc584 method=java.lang.reflect.Method.equals(Ljava/lang/Object;)Z @ 5
Event: 39,994 Thread 0x00007f448c009800 Uncommon trap: reason=class_check action=maybe_recompile pc=0x00007f447c8dc584 method=java.lang.reflect.Method.equals(Ljava/lang/Object;)Z @ 5
Event: 49,628 Thread 0x00007f448c009800 Uncommon trap: reason=unstable_if action=reinterpret pc=0x00007f447c8641f4 method=java.util.LinkedHashMap.afterNodeInsertion(Z)V @ 1
Event: 49,784 Thread 0x00007f448c009800 Uncommon trap: reason=class_check action=maybe_recompile pc=0x00007f447c8dc584 method=java.lang.reflect.Method.equals(Ljava/lang/Object;)Z @ 5
Event: 49,785 Thread 0x00007f448c009800 Uncommon trap: reason=class_check action=maybe_recompile pc=0x00007f447c8dc584 method=java.lang.reflect.Method.equals(Ljava/lang/Object;)Z @ 5

Internal exceptions (10 events):
Event: 2,464 Thread 0x00007f448c009800 Exception <a 'java/lang/ClassNotFoundException': org/gradle/api/internal/project/AbstractPluginAwareCustomizer> (0x00000000d907a710) thrown at [/HUDSON/workspace/8-2-build-linux-amd64/jdk8u131/8869/hotspot/src/share/vm/classfile/systemDictionary.cpp, line
Event: 2,467 Thread 0x00007f448c009800 Exception <a 'java/lang/ClassNotFoundException': org/gradle/initialization/BaseSettingsCustomizer> (0x00000000d909cb88) thrown at [/HUDSON/workspace/8-2-build-linux-amd64/jdk8u131/8869/hotspot/src/share/vm/classfile/systemDictionary.cpp, line 210]
Event: 2,471 Thread 0x00007f448c009800 Exception <a 'java/lang/ClassNotFoundException': org/gradle/initialization/DefaultSettingsCustomizer> (0x00000000d90df598) thrown at [/HUDSON/workspace/8-2-build-linux-amd64/jdk8u131/8869/hotspot/src/share/vm/classfile/systemDictionary.cpp, line 210]
Event: 2,472 Thread 0x00007f448c009800 Exception <a 'java/lang/ClassNotFoundException': org/gradle/initialization/DefaultSettings_DecoratedCustomizer> (0x00000000d9105258) thrown at [/HUDSON/workspace/8-2-build-linux-amd64/jdk8u131/8869/hotspot/src/share/vm/classfile/systemDictionary.cpp, line
Event: 2,507 Thread 0x00007f448c009800 Exception <a 'java/lang/ClassNotFoundException': org/gradle/initialization/DefaultProjectDescriptorBeanInfo> (0x00000000d91a2548) thrown at [/HUDSON/workspace/8-2-build-linux-amd64/jdk8u131/8869/hotspot/src/share/vm/classfile/systemDictionary.cpp, line 21
Event: 2,507 Thread 0x00007f448c009800 Exception <a 'java/lang/ClassNotFoundException': org/gradle/initialization/DefaultProjectDescriptorCustomizer> (0x00000000d91c1610) thrown at [/HUDSON/workspace/8-2-build-linux-amd64/jdk8u131/8869/hotspot/src/share/vm/classfile/systemDictionary.cpp, line 
Event: 2,770 Thread 0x00007f448c009800 Exception <a 'java/lang/ClassNotFoundException': java/io/FileBeanInfo> (0x00000000d9426190) thrown at [/HUDSON/workspace/8-2-build-linux-amd64/jdk8u131/8869/hotspot/src/share/vm/classfile/systemDictionary.cpp, line 210]
Event: 2,774 Thread 0x00007f448c009800 Exception <a 'java/lang/ClassNotFoundException': java/io/FileCustomizer> (0x00000000d9428000) thrown at [/HUDSON/workspace/8-2-build-linux-amd64/jdk8u131/8869/hotspot/src/share/vm/classfile/systemDictionary.cpp, line 210]
Event: 13,181 Thread 0x00007f448c009800 Implicit null exception at 0x00007f447c7dc4f5 to 0x00007f447c7dc6fd
Event: 35,121 Thread 0x00007f448c009800 Implicit null exception at 0x00007f447c867bdb to 0x00007f447c8682f1

Events (10 events):
Event: 50,325 loading class org/gradle/api/tasks/diagnostics/AbstractReportTask done
Event: 50,325 loading class org/gradle/api/internal/ConventionTask
Event: 50,325 loading class org/gradle/api/internal/ConventionTask done
Event: 50,327 loading class org/gradle/api/tasks/diagnostics/TaskReportTask
Event: 50,327 loading class org/gradle/api/tasks/diagnostics/TaskReportTask done
Event: 50,328 loading class org/gradle/api/tasks/diagnostics/PropertyReportTask
Event: 50,328 loading class org/gradle/api/tasks/diagnostics/PropertyReportTask done
Event: 50,329 loading class org/gradle/api/tasks/diagnostics/DependencyInsightReportTask
Event: 50,329 loading class org/gradle/api/tasks/diagnostics/DependencyInsightReportTask done
Event: 50,331 Executing VM operation: ParallelGCFailedAllocation


Dynamic libraries:
00400000-00401000 r-xp 00000000 08:02 269782                             /usr/lib/jvm/java-8-oracle/bin/java
00600000-00601000 rw-p 00000000 08:02 269782                             /usr/lib/jvm/java-8-oracle/bin/java
0194f000-01970000 rw-p 00000000 00:00 0                                  [heap]
84a00000-89d00000 rw-p 00000000 00:00 0 
89d00000-d6e00000 ---p 00000000 00:00 0 
d6e00000-db600000 rw-p 00000000 00:00 0 
df400000-100000000 ---p 00000000 00:00 0 
100000000-1002e0000 rw-p 00000000 00:00 0 
1002e0000-140000000 ---p 00000000 00:00 0 
7f4434000000-7f4434021000 rw-p 00000000 00:00 0 
7f4434021000-7f4438000000 ---p 00000000 00:00 0 
7f443c000000-7f443c021000 rw-p 00000000 00:00 0 
7f443c021000-7f4440000000 ---p 00000000 00:00 0 
7f4440000000-7f4440021000 rw-p 00000000 00:00 0 
7f4440021000-7f4444000000 ---p 00000000 00:00 0 
7f4444000000-7f4446423000 rw-p 00000000 00:00 0 
7f4446423000-7f4448000000 ---p 00000000 00:00 0 
7f4448000000-7f44487fb000 rw-p 00000000 00:00 0 
7f44487fb000-7f444c000000 ---p 00000000 00:00 0 
7f444c000000-7f444c021000 rw-p 00000000 00:00 0 
7f444c021000-7f4450000000 ---p 00000000 00:00 0 
7f4450000000-7f44519ac000 rw-p 00000000 00:00 0 
7f44519ac000-7f4454000000 ---p 00000000 00:00 0 
7f4454000000-7f4454021000 rw-p 00000000 00:00 0 
7f4454021000-7f4458000000 ---p 00000000 00:00 0 
7f4458000000-7f4458021000 rw-p 00000000 00:00 0 
7f4458021000-7f445c000000 ---p 00000000 00:00 0 
7f445c000000-7f445c021000 rw-p 00000000 00:00 0 
7f445c021000-7f4460000000 ---p 00000000 00:00 0 
7f4460000000-7f4460290000 rw-p 00000000 00:00 0 
7f4460290000-7f4464000000 ---p 00000000 00:00 0 
7f4464000000-7f4464021000 rw-p 00000000 00:00 0 
7f4464021000-7f4468000000 ---p 00000000 00:00 0 
7f446a6a1000-7f446a6a2000 rw-p 00000000 00:00 0 
7f446a6a2000-7f446a6d1000 r--p 00000000 08:02 665681                     /usr/share/locale-langpack/ru/LC_MESSAGES/libc.mo
7f446a6d1000-7f446a811000 rw-p 00000000 00:00 0 
7f446a811000-7f446a8d1000 ---p 00000000 00:00 0 
7f446a8d1000-7f446aad1000 rw-p 00000000 00:00 0 
7f446aad1000-7f446aad4000 ---p 00000000 00:00 0 
7f446aad4000-7f446add2000 rw-p 00000000 00:00 0                          [stack:27327]
7f446add2000-7f446afd2000 rw-p 00000000 00:00 0 
7f446afd2000-7f446b04c000 r--s 010f6000 08:02 269661                     /usr/lib/jvm/java-8-oracle/lib/tools.jar
7f446b04c000-7f446b24c000 rw-p 00000000 00:00 0 
7f446b24c000-7f446b24e000 r--s 00007000 08:03 4201428                    /home/gitkv/.gradle/wrapper/dists/gradle-2.14.1-all/8bnwg5hd3w55iofp58khbp6yv/gradle-2.14.1/lib/plugins/gradle-tooling-api-builders-2.14.1.jar
7f446b24e000-7f446b251000 r--s 00008000 08:03 4201421                    /home/gitkv/.gradle/wrapper/dists/gradle-2.14.1-all/8bnwg5hd3w55iofp58khbp6yv/gradle-2.14.1/lib/plugins/gradle-testing-native-2.14.1.jar
7f446b251000-7f446b253000 r--s 00009000 08:03 4201500                    /home/gitkv/.gradle/wrapper/dists/gradle-2.14.1-all/8bnwg5hd3w55iofp58khbp6yv/gradle-2.14.1/lib/plugins/hamcrest-core-1.3.jar
7f446b253000-7f446b259000 r--s 00033000 08:03 4201494                    /home/gitkv/.gradle/wrapper/dists/gradle-2.14.1-all/8bnwg5hd3w55iofp58khbp6yv/gradle-2.14.1/lib/plugins/snakeyaml-1.6.jar
7f446b259000-7f446b25b000 r--s 00006000 08:03 4201493                    /home/gitkv/.gradle/wrapper/dists/gradle-2.14.1-all/8bnwg5hd3w55iofp58khbp6yv/gradle-2.14.1/lib/plugins/jcommander-1.12.jar
7f446b25b000-7f446b260000 r--s 00040000 08:03 4201492                    /home/gitkv/.gradle/wrapper/dists/gradle-2.14.1-all/8bnwg5hd3w55iofp58khbp6yv/gradle-2.14.1/lib/plugins/bsh-2.0b4.jar
7f446b260000-7f446b269000 r--s 00089000 08:03 4201451                    /home/gitkv/.gradle/wrapper/dists/gradle-2.14.1-all/8bnwg5hd3w55iofp58khbp6yv/gradle-2.14.1/lib/plugins/testng-6.3.1.jar
7f446b269000-7f446b271000 r--s 00045000 08:03 4201450                    /home/gitkv/.gradle/wrapper/dists/gradle-2.14.1-all/8bnwg5hd3w55iofp58khbp6yv/gradle-2.14.1/lib/plugins/junit-4.12.jar
7f446b271000-7f446b277000 r--s 0002e000 08:03 4201422                    /home/gitkv/.gradle/wrapper/dists/gradle-2.14.1-all/8bnwg5hd3w55iofp58khbp6yv/gradle-2.14.1/lib/plugins/gradle-testing-jvm-2.14.1.jar
7f446b277000-7f446b27c000 r--s 00015000 08:03 4201420                    /home/gitkv/.gradle/wrapper/dists/gradle-2.14.1-all/8bnwg5hd3w55iofp58khbp6yv/gradle-2.14.1/lib/plugins/gradle-testing-base-2.14.1.jar
7f446b27c000-7f446b27d000 r--s 00002000 08:03 4201444                    /home/gitkv/.gradle/wrapper/dists/gradle-2.14.1-all/8bnwg5hd3w55iofp58khbp6yv/gradle-2.14.1/lib/plugins/sonar-batch-bootstrapper-2.9.jar
7f446b27d000-7f446b280000 r--s 00015000 08:03 4201398                    /home/gitkv/.gradle/wrapper/dists/gradle-2.14.1-all/8bnwg5hd3w55iofp58khbp6yv/gradle-2.14.1/lib/plugins/gradle-sonar-2.14.1.jar
7f446b280000-7f446b287000 r--s 00038000 08:03 4201445                    /home/gitkv/.gradle/wrapper/dists/gradle-2.14.1-all/8bnwg5hd3w55iofp58khbp6yv/gradle-2.14.1/lib/plugins/bcpg-jdk15on-1.51.jar
7f446b287000-7f446b289000 r--s 0000d000 08:03 4201399                    /home/gitkv/.gradle/wrapper/dists/gradle-2.14.1-all/8bnwg5hd3w55iofp58khbp6yv/gradle-2.14.1/lib/plugins/gradle-signing-2.14.1.jar
7f446b289000-7f446b28c000 r--s 00009000 08:03 4201397                    /home/gitkv/.gradle/wrapper/dists/gradle-2.14.1-all/8bnwg5hd3w55iofp58khbp6yv/gradle-2.14.1/lib/plugins/gradle-scala-2.14.1.jar
7f446b28c000-7f446b28d000 r--s 00004000 08:03 4201426                    /home/gitkv/.gradle/wrapper/dists/gradle-2.14.1-all/8bnwg5hd3w55iofp58khbp6yv/gradle-2.14.1/lib/plugins/gradle-resources-sftp-2.14.1.jar
7f446b28d000-7f446b29d000 r--s 00088000 08:03 4201461                    /home/gitkv/.gradle/wrapper/dists/gradle-2.14.1-all/8bnwg5hd3w55iofp58khbp6yv/gradle-2.14.1/lib/plugins/joda-time-2.8.2.jar
7f446b29d000-7f446b2ae000 r--s 000cf000 08:03 4201460                    /home/gitkv/.gradle/wrapper/dists/gradle-2.14.1-all/8bnwg5hd3w55iofp58khbp6yv/gradle-2.14.1/lib/plugins/jackson-databind-2.3.2.jar
7f446b2ae000-7f446b2b0000 r--s 00007000 08:03 4201459                    /home/gitkv/.gradle/wrapper/dists/gradle-2.14.1-all/8bnwg5hd3w55iofp58khbp6yv/gradle-2.14.1/lib/plugins/jackson-annotations-2.3.2.jar
7f446b2b0000-7f446b2b3000 r--s 0002e000 08:03 4201458                    /home/gitkv/.gradle/wrapper/dists/gradle-2.14.1-all/8bnwg5hd3w55iofp58khbp6yv/gradle-2.14.1/lib/plugins/jackson-core-2.3.2.jar
7f446b2b3000-7f446b2be000 r--s 0006b000 08:03 4201457                    /home/gitkv/.gradle/wrapper/dists/gradle-2.14.1-all/8bnwg5hd3w55iofp58khbp6yv/gradle-2.14.1/lib/plugins/aws-java-sdk-core-1.9.19.jar
7f446b2be000-7f446b2c4000 r--s 00036000 08:03 4201456                    /home/gitkv/.gradle/wrapper/dists/gradle-2.14.1-all/8bnwg5hd3w55iofp58khbp6yv/gradle-2.14.1/lib/plugins/aws-java-sdk-kms-1.9.19.jar
7f446b2c4000-7f446b2cf000 r--s 00079000 08:03 4201455                    /home/gitkv/.gradle/wrapper/dists/gradle-2.14.1-all/8bnwg5hd3w55iofp58khbp6yv/gradle-2.14.1/lib/plugins/aws-java-sdk-s3-1.9.19.jar
7f446b2cf000-7f446b2d0000 r--s 00003000 08:03 4201427                    /home/gitkv/.gradle/wrapper/dists/gradle-2.14.1-all/8bnwg5hd3w55iofp58khbp6yv/gradle-2.14.1/lib/plugins/gradle-resources-s3-2.14.1.jar
7f446b2d0000-7f446b2d2000 r--s 00005000 08:03 4201449                    /home/gitkv/.gradle/wrapper/dists/gradle-2.14.1-all/8bnwg5hd3w55iofp58khbp6yv/gradle-2.14.1/lib/plugins/jatl-0.2.2.jar
7f446b2d2000-7f446b2d4000 r--s 0000f000 08:03 4201404                    /home/gitkv/.gradle/wrapper/dists/gradle-2.14.1-all/8bnwg5hd3w55iofp58khbp6yv/gradle-2.14.1/lib/plugins/gradle-reporting-2.14.1.jar
7f446b2d4000-7f446b2d6000 r--s 00002000 08:03 4201405                    /home/gitkv/.gradle/wrapper/dists/gradle-2.14.1-all/8bnwg5hd3w55iofp58khbp6yv/gradle-2.14.1/lib/plugins/gradle-publish-2.14.1.jar
7f446b2d6000-7f446b2d8000 r--s 00009000 08:03 4201431                    /home/gitkv/.gradle/wrapper/dists/gradle-2.14.1-all/8bnwg5hd3w55iofp58khbp6yv/gradle-2.14.1/lib/plugins/commons-cli-1.2.jar
7f446b2d8000-7f446b2de000 r--s 00033000 08:03 4201389                    /home/gitkv/.gradle/wrapper/dists/gradle-2.14.1-all/8bnwg5hd3w55iofp58khbp6yv/gradle-2.14.1/lib/plugins/gradle-plugins-2.14.1.jar
7f446b2de000-7f446b2e0000 r--s 00007000 08:03 4201423                    /home/gitkv/.gradle/wrapper/dists/gradle-2.14.1-all/8bnwg5hd3w55iofp58khbp6yv/gradle-2.14.1/lib/plugins/gradle-plugin-development-2.14.1.jar
7f446b2e0000-7f446b2e6000 r--s 0002a000 08:03 4201416                    /home/gitkv/.gradle/wrapper/dists/gradle-2.14.1-all/8bnwg5hd3w55iofp58khbp6yv/gradle-2.14.1/lib/plugins/gradle-platform-play-2.14.1.jar
7f446b2e6000-7f446b2f3000 r--s 0004d000 08:03 4201415                    /home/gitkv/.gradle/wrapper/dists/gradle-2.14.1-all/8bnwg5hd3w55iofp58khbp6yv/gradle-2.14.1/lib/plugins/gradle-platform-native-2.14.1.jar
7f446b2f3000-7f446b2f7000 r--s 0001a000 08:03 4201410                    /home/gitkv/.gradle/wrapper/dists/gradle-2.14.1-all/8bnwg5hd3w55iofp58khbp6yv/gradle-2.14.1/lib/plugins/gradle-platform-jvm-2.14.1.jar
7f446b2f7000-7f446b2fe000 r--s 00029000 08:03 4201409                    /home/gitkv/.gradle/wrapper/dists/gradle-2.14.1-all/8bnwg5hd3w55iofp58khbp6yv/gradle-2.14.1/lib/plugins/gradle-platform-base-2.14.1.jar
7f446b2fe000-7f446b31f000 r--s 001c3000 08:03 4201439                    /home/gitkv/.gradle/wrapper/dists/gradle-2.14.1-all/8bnwg5hd3w55iofp58khbp6yv/gradle-2.14.1/lib/plugins/bndlib-2.4.0.jar
7f446b31f000-7f446b321000 r--s 00003000 08:03 4201393                    /home/gitkv/.gradle/wrapper/dists/gradle-2.14.1-all/8bnwg5hd3w55iofp58khbp6yv/gradle-2.14.1/lib/plugins/gradle-osgi-2.14.1.jar
7f446b321000-7f446b324000 r--s 0000c000 08:03 4201442                    /home/gitkv/.gradle/wrapper/dists/gradle-2.14.1-all/8bnwg5hd3w55iofp58khbp6yv/gradle-2.14.1/lib/plugins/pmaven-groovy-0.8-20100325.jar
7f446b324000-7f446b325000 r--s 00004000 08:03 4201441                    /home/gitkv/.gradle/wrapper/dists/gradle-2.14.1-all/8bnwg5hd3w55iofp58khbp6yv/gradle-2.14.1/lib/plugins/pmaven-common-0.8-20100325.jar
7f446b325000-7f446b32b000 r--s 00022000 08:03 4201394                    /home/gitkv/.gradle/wrapper/dists/gradle-2.14.1-all/8bnwg5hd3w55iofp58khbp6yv/gradle-2.14.1/lib/plugins/gradle-maven-2.14.1.jar
7f446b32b000-7f446b32d000 r--s 0000a000 08:03 4201414                    /home/gitkv/.gradle/wrapper/dists/gradle-2.14.1-all/8bnwg5hd3w55iofp58khbp6yv/gradle-2.14.1/lib/plugins/gradle-language-scala-2.14.1.jar
7f446b32d000-7f446b333000 r--s 0001a000 08:03 4201418                    /home/gitkv/.gradle/wrapper/dists/gradle-2.14.1-all/8bnwg5hd3w55iofp58khbp6yv/gradle-2.14.1/lib/plugins/gradle-language-native-2.14.1.jar
7f446b333000-7f446b335000 r--s 00008000 08:03 4201411                    /home/gitkv/.gradle/wrapper/dists/gradle-2.14.1-all/8bnwg5hd3w55iofp58khbp6yv/gradle-2.14.1/lib/plugins/gradle-language-jvm-2.14.1.jar
7f446b335000-7f446b33b000 r--s 00024000 08:03 4201412                    /home/gitkv/.gradle/wrapper/dists/gradle-2.14.1-all/8bnwg5hd3w55iofp58khbp6yv/gradle-2.14.1/lib/plugins/gradle-language-java-2.14.1.jar
7f446b33b000-7f446b33d000 r--s 0000a000 08:03 4201413                    /home/gitkv/.gradle/wrapper/dists/gradle-2.14.1-all/8bnwg5hd3w55iofp58khbp6yv/gradle-2.14.1/lib/plugins/gradle-language-groovy-2.14.1.jar
7f446b33d000-7f446b340000 r--s 0001e000 08:03 4201467                    /home/gitkv/.gradle/wrapper/dists/gradle-2.14.1-all/8bnwg5hd3w55iofp58khbp6yv/gradle-2.14.1/lib/plugins/jsp-api-2.1-6.1.14.jar
7f446b340000-7f446b363000 r--s 00344000 08:03 4201466                    /home/gitkv/.gradle/wrapper/dists/gradle-2.14.1-all/8bnwg5hd3w55iofp58khbp6yv/gradle-2.14.1/lib/plugins/core-3.1.1.jar
7f446b363000-7f446b364000 r--s 00006000 08:03 4201465                    /home/gitkv/.gradle/wrapper/dists/gradle-2.14.1-all/8bnwg5hd3w55iofp58khbp6yv/gradle-2.14.1/lib/plugins/jetty-naming-6.1.25.jar
7f446b364000-7f446b365000 r--s 00002000 08:03 4201438                    /home/gitkv/.gradle/wrapper/dists/gradle-2.14.1-all/8bnwg5hd3w55iofp58khbp6yv/gradle-2.14.1/lib/plugins/geronimo-annotation_1.0_spec-1.0.jar
7f446b365000-7f446b367000 r--s 00002000 08:03 4201437                    /home/gitkv/.gradle/wrapper/dists/gradle-2.14.1-all/8bnwg5hd3w55iofp58khbp6yv/gradle-2.14.1/lib/plugins/jetty-annotations-6.1.25.jar
7f446b367000-7f446b378000 r--s 000ea000 08:03 4201436                    /home/gitkv/.gradle/wrapper/dists/gradle-2.14.1-all/8bnwg5hd3w55iofp58khbp6yv/gradle-2.14.1/lib/plugins/jsp-2.1-6.1.14.jar
7f446b378000-7f446b37a000 r--s 0000d000 08:03 4201435                    /home/gitkv/.gradle/wrapper/dists/gradle-2.14.1-all/8bnwg5hd3w55iofp58khbp6yv/gradle-2.14.1/lib/plugins/jetty-plus-6.1.25.jar
7f446b37a000-7f446b37c000 r--s 0001f000 08:03 4201434                    /home/gitkv/.gradle/wrapper/dists/gradle-2.14.1-all/8bnwg5hd3w55iofp58khbp6yv/gradle-2.14.1/lib/plugins/servlet-api-2.5-20081211.jar
7f446b37c000-7f446b380000 r--s 00028000 08:03 4201433                    /home/gitkv/.gradle/wrapper/dists/gradle-2.14.1-all/8bnwg5hd3w55iofp58khbp6yv/gradle-2.14.1/lib/plugins/jetty-util-6.1.25.jar
7f446b380000-7f446b387000 r--s 0007d000 08:03 4201432                    /home/gitkv/.gradle/wrapper/dists/gradle-2.14.1-all/8bnwg5hd3w55iofp58khbp6yv/gradle-2.14.1/lib/plugins/jetty-6.1.25.jar
7f446b387000-7f446b389000 r--s 00009000 08:03 4201391                    /home/gitkv/.gradle/wrapper/dists/gradle-2.14.1-all/8bnwg5hd3w55iofp58khbp6yv/gradle-2.14.1/lib/plugins/gradle-jetty-2.14.1.jar
7f446b389000-7f446b390000 r--s 00035000 08:03 4201448                    /home/gitkv/.gradle/wrapper/dists/gradle-2.14.1-all/8bnwg5hd3w55iofp58khbp6yv/gradle-2.14.1/lib/plugins/simple-4.1.21.jar
7f446b390000-7f446b39c000 r--s 00100000 08:03 4201446                    /home/gitkv/.gradle/wrapper/dists/gradle-2.14.1-all/8bnwg5hd3w55iofp58khbp6yv/gradle-2.14.1/lib/plugins/rhino-1.7R3.jar
7f446b39c000-7f446b3a0000 r--s 00011000 08:03 4201401                    /home/gitkv/.gradle/wrapper/dists/gradle-2.14.1-all/8bnwg5hd3w55iofp58khbp6yv/gradle-2.14.1/lib/plugins/gradle-javascript-2.14.1.jar
7f446b3a0000-7f446b3a2000 r--s 0000c000 08:03 4201407                    /home/gitkv/.gradle/wrapper/dists/gradle-2.14.1-all/8bnwg5hd3w55iofp58khbp6yv/gradle-2.14.1/lib/plugins/gradle-jacoco-2.14.1.jar
7f446b3a2000-7f446b3a5000 r--s 0000e000 08:03 4201406                    /home/gitkv/.gradle/wrapper/dists/gradle-2.14.1-all/8bnwg5hd3w55iofp58khbp6yv/gradle-2.14.1/lib/plugins/gradle-ivy-2.14.1.jar
7f446b3a5000-7f446b3a6000 r--s 00002000 08:03 4201417                    /home/gitkv/.gradle/wrapper/dists/gradle-2.14.1-all/8bnwg5hd3w55iofp58khbp6yv/gradle-2.14.1/lib/plugins/gradle-ide-play-2.14.1.jar
7f446b3a6000-7f446b3ab000 r--s 0002b000 08:03 4201419                    /home/gitkv/.gradle/wrapper/dists/gradle-2.14.1-all/8bnwg5hd3w55iofp58khbp6yv/gradle-2.14.1/lib/plugins/gradle-ide-native-2.14.1.jar
7f446b3ab000-7f446b3b6000 r--s 00066000 08:03 4201395                    /home/gitkv/.gradle/wrapper/dists/gradle-2.14.1-all/8bnwg5hd3w55iofp58khbp6yv/gradle-2.14.1/lib/plugins/gradle-ide-2.14.1.jar
7f446b3b6000-7f446b3b7000 r--s 00008000 08:03 4201400                    /home/gitkv/.gradle/wrapper/dists/gradle-2.14.1-all/8bnwg5hd3w55iofp58khbp6yv/gradle-2.14.1/lib/plugins/gradle-ear-2.14.1.jar
7f446b3b7000-7f446b3bd000 r--s 00032000 08:03 4201403                    /home/gitkv/.gradle/wrapper/dists/gradle-2.14.1-all/8bnwg5hd3w55iofp58khbp6yv/gradle-2.14.1/lib/plugins/gradle-diagnostics-2.14.1.jar
7f446b3bd000-7f446b3c1000 r--s 00021000 08:03 4201390                    /home/gitkv/.gradle/wrapper/dists/gradle-2.14.1-all/8bnwg5hd3w55iofp58khbp6yv/gradle-2.14.1/lib/plugins/gradle-code-quality-2.14.1.jar
7f446b3c1000-7f446b3c5000 r--s 0001f000 08:03 4201408                    /home/gitkv/.gradle/wrapper/dists/gradle-2.14.1-all/8bnwg5hd3w55iofp58khbp6yv/gradle-2.14.1/lib/plugins/gradle-build-init-2.14.1.jar
7f446b3c5000-7f446b3cc000 r--s 0008e000 08:03 4201402                    /home/gitkv/.gradle/wrapper/dists/gradle-2.14.1-all/8bnwg5hd3w55iofp58khbp6yv/gradle-2.14.1/lib/plugins/gradle-build-comparison-2.14.1.jar
7f446b3cc000-7f446b3ce000 r--s 00008000 08:03 4201392                    /home/gitkv/.gradle/wrapper/dists/gradle-2.14.1-all/8bnwg5hd3w55iofp58khbp6yv/gradle-2.14.1/lib/plugins/gradle-antlr-2.14.1.jar
7f446b3ce000-7f446b3d0000 r--s 00004000 08:03 4201396                    /home/gitkv/.gradle/wrapper/dists/gradle-2.14.1-all/8bnwg5hd3w55iofp58khbp6yv/gradle-2.14.1/lib/plugins/gradle-announce-2.14.1.jar
7f446b3d0000-7f446b3e8000 r--s 00115000 08:03 4201497                    /home/gitkv/.gradle/wrapper/dists/gradle-2.14.1-all/8bnwg5hd3w55iofp58khbp6yv/gradle-2.14.1/lib/plugins/xercesImpl-2.9.1.jar
7f446b3e8000-7f446b3f0000 r--s 00028000 08:03 4201498                    /home/gitkv/.gradle/wrapper/dists/gradle-2.14.1-all/8bnwg5hd3w55iofp58khbp6yv/gradle-2.14.1/lib/plugins/xml-apis-1.3.04.jar
7f446b3f0000-7f446b3f6000 r--s 0005b000 08:03 4201496                    /home/gitkv/.gradle/wrapper/dists/gradle-2.14.1-all/8bnwg5hd3w55iofp58khbp6yv/gradle-2.14.1/lib/plugins/jcifs-1.3.17.jar
7f446b3f6000-7f446b3fd000 r--s 00049000 08:03 4201495                    /home/gitkv/.gradle/wrapper/dists/gradle-2.14.1-all/8bnwg5hd3w55iofp58khbp6yv/gradle-2.14.1/lib/plugins/httpcore-4.4.4.jar
7f446b3fd000-7f446b403000 r--s 00033000 08:03 4201443                    /home/gitkv/.gradle/wrapper/dists/gradle-2.14.1-all/8bnwg5hd3w55iofp58khbp6yv/gradle-2.14.1/lib/plugins/commons-codec-1.6.jar
7f446b403000-7f446b406000 r--s 0001c000 08:03 4201453                    /home/gitkv/.gradle/wrapper/dists/gradle-2.14.1-all/8bnwg5hd3w55iofp58khbp6yv/gradle-2.14.1/lib/plugins/nekohtml-1.9.14.jar
7f446b406000-7f446b413000 r--s 000a4000 08:03 4201452                    /home/gitkv/.gradle/wrapper/dists/gradle-2.14.1-all/8bnwg5hd3w55iofp58khbp6yv/gradle-2.14.1/lib/plugins/httpclient-4.4.1.jar
7f446b413000-7f446b415000 r--s 0000a000 08:03 4201425                    /home/gitkv/.gradle/wrapper/dists/gradle-2.14.1-all/8bnwg5hd3w55iofp58khbp6yv/gradle-2.14.1/lib/plugins/gradle-resources-http-2.14.1.jar
7f446b415000-7f446b419000 r--s 00014000 08:03 4201424                    /home/gitkv/.gradle/wrapper/dists/gradle-2.14.1-all/8bnwg5hd3w55iofp58khbp6yv/gradle-2.14.1/lib/plugins/gradle-plugin-use-2.14.1.jar
7f446b419000-7f446b41a000 r--s 00000000 08:03 4201340                    /home/gitkv/.gradle/wrapper/dists/gradle-2.14.1-all/8bnwg5hd3w55iofp58khbp6yv/gradle-2.14.1/lib/gradle-installation-beacon-2.14.1.jar
7f446b41a000-7f446b41b000 r--s 00007000 08:03 4201491                    /home/gitkv/.gradle/wrapper/dists/gradle-2.14.1-all/8bnwg5hd3w55iofp58khbp6yv/gradle-2.14.1/lib/plugins/wagon-http-shared4-2.4.jar
7f446b41b000-7f446b41f000 r--s 00033000 08:03 4201490                    /home/gitkv/.gradle/wrapper/dists/gradle-2.14.1-all/8bnwg5hd3w55iofp58khbp6yv/gradle-2.14.1/lib/plugins/plexus-utils-2.0.6.jar
7f446b41f000-7f446b423000 r--s 00021000 08:03 4201489                    /home/gitkv/.gradle/wrapper/dists/gradle-2.14.1-all/8bnwg5hd3w55iofp58khbp6yv/gradle-2.14.1/lib/plugins/maven-model-builder-3.0.4.jar
7f446b423000-7f446b424000 r--s 00002000 08:03 4201488                    /home/gitkv/.gradle/wrapper/dists/gradle-2.14.1-all/8bnwg5hd3w55iofp58khbp6yv/gradle-2.14.1/lib/plugins/wagon-file-2.4.jar
7f446b424000-7f446b426000 r--s 00002000 08:03 4201487                    /home/gitkv/.gradle/wrapper/dists/gradle-2.14.1-all/8bnwg5hd3w55iofp58khbp6yv/gradle-2.14.1/lib/plugins/plexus-cipher-1.7.jar
7f446b426000-7f446b429000 r--s 00013000 08:03 4201486                    /home/gitkv/.gradle/wrapper/dists/gradle-2.14.1-all/8bnwg5hd3w55iofp58khbp6yv/gradle-2.14.1/lib/plugins/aether-api-1.13.1.jar
7f446b429000-7f446b42b000 r--s 0000a000 08:03 4201485                    /home/gitkv/.gradle/wrapper/dists/gradle-2.14.1-all/8bnwg5hd3w55iofp58khbp6yv/gradle-2.14.1/lib/plugins/maven-settings-3.0.4.jar
7f446b42b000-7f446b42d000 r--s 0000d000 08:03 4201484                    /home/gitkv/.gradle/wrapper/dists/gradle-2.14.1-all/8bnwg5hd3w55iofp58khbp6yv/gradle-2.14.1/lib/plugins/plexus-interpolation-1.14.jar
7f446b42d000-7f446b42f000 r--s 0000b000 08:03 4201483                    /home/gitkv/.gradle/wrapper/dists/gradle-2.14.1-all/8bnwg5hd3w55iofp58khbp6yv/gradle-2.14.1/lib/plugins/maven-artifact-3.0.4.jar
7f446b42f000-7f446b436000 r--s 0002e000 08:03 4201482                    /home/gitkv/.gradle/wrapper/dists/gradle-2.14.1-all/8bnwg5hd3w55iofp58khbp6yv/gradle-2.14.1/lib/plugins/plexus-container-default-1.5.5.jar
7f446b436000-7f446b438000 r--s 0000b000 08:03 4201481                    /home/gitkv/.gradle/wrapper/dists/gradle-2.14.1-all/8bnwg5hd3w55iofp58khbp6yv/gradle-2.14.1/lib/plugins/maven-plugin-api-3.0.4.jar
7f446b438000-7f446b43a000 r--s 00000000 08:03 4201499                    /home/gitkv/.gradle/wrapper/dists/gradle-2.14.1-all/8bnwg5hd3w55iofp58khbp6yv/gradle-2.14.1/lib/plugins/plexus-component-annotations-1.5.5.jar
7f446b43a000-7f446b440000 r--s 0003f000 08:03 4201480                    /home/gitkv/.gradle/wrapper/dists/gradle-2.14.1-all/8bnwg5hd3w55iofp58khbp6yv/gradle-2.14.1/lib/plugins/maven-compat-3.0.4.jar
7f446b440000-7f446b443000 r--s 00008000 08:03 4201479                    /home/gitkv/.gradle/wrapper/dists/gradle-2.14.1-all/8bnwg5hd3w55iofp58khbp6yv/gradle-2.14.1/lib/plugins/maven-settings-builder-3.0.4.jar
7f446b443000-7f446b444000 r--s 00002000 08:03 4201478                    /home/gitkv/.gradle/wrapper/dists/gradle-2.14.1-all/8bnwg5hd3w55iofp58khbp6yv/gradle-2.14.1/lib/plugins/wagon-http-2.4.jar
7f446b444000-7f446b446000 r--s 00026000 08:03 4201477                    /home/gitkv/.gradle/wrapper/dists/gradle-2.14.1-all/8bnwg5hd3w55iofp58khbp6yv/gradle-2.14.1/lib/plugins/maven-model-3.0.4.jar
7f446b446000-7f446b448000 r--s 00006000 08:03 4201476                    /home/gitkv/.gradle/wrapper/dists/gradle-2.14.1-all/8bnwg5hd3w55iofp58khbp6yv/gradle-2.14.1/lib/plugins/aether-connector-wagon-1.13.1.jar
7f446b448000-7f446b44a000 r--s 0000a000 08:03 4201475                    /home/gitkv/.gradle/wrapper/dists/gradle-2.14.1-all/8bnwg5hd3w55iofp58khbp6yv/gradle-2.14.1/lib/plugins/plexus-classworlds-2.4.jar
7f446b44a000-7f446b44c000 r--s 00006000 08:03 4201474                    /home/gitkv/.gradle/wrapper/dists/gradle-2.14.1-all/8bnwg5hd3w55iofp58khbp6yv/gradle-2.14.1/lib/plugins/maven-repository-metadata-3.0.4.jar
7f446b44c000-7f446b44e000 r--s 0000c000 08:03 4201473                    /home/gitkv/.gradle/wrapper/dists/gradle-2.14.1-all/8bnwg5hd3w55iofp58khbp6yv/gradle-2.14.1/lib/plugins/maven-aether-provider-3.0.4.jar
7f446b44e000-7f446b450000 r--s 0000b000 08:03 4201472                    /home/gitkv/.gradle/wrapper/dists/gradle-2.14.1-all/8bnwg5hd3w55iofp58khbp6yv/gradle-2.14.1/lib/plugins/wagon-provider-api-2.4.jar
7f446b450000-7f446b454000 r--s 0001c000 08:03 4201470                    /home/gitkv/.gradle/wrapper/dists/gradle-2.14.1-all/8bnwg5hd3w55iofp58khbp6yv/gradle-2.14.1/lib/plugins/aether-util-1.13.1.jar
7f446b454000-7f446b457000 r--s 0001d000 08:03 4201469                    /home/gitkv/.gradle/wrapper/dists/gradle-2.14.1-all/8bnwg5hd3w55iofp58khbp6yv/gradle-2.14.1/lib/plugins/aether-impl-1.13.1.jar
7f446b457000-7f446b497000 r--s 00277000 08:03 4201464                    /home/gitkv/.gradle/wrapper/dists/gradle-2.14.1-all/8bnwg5hd3w55iofp58khbp6yv/gradle-2.14.1/lib/plugins/bcprov-jdk15on-1.51.jar
7f446b497000-7f446b4a3000 r--s 0007d000 08:03 4201440                    /home/gitkv/.gradle/wrapper/dists/gradle-2.14.1-all/8bnwg5hd3w55iofp58khbp6yv/gradle-2.14.1/lib/plugins/maven-core-3.0.4.jar
7f446b4a3000-7f446b4ac000 r-xp 00000000 08:02 262959                     /usr/lib/jvm/java-8-oracle/jre/lib/amd64/libmanagement.so
7f446b4ac000-7f446b6ab000 ---p 00009000 08:02 262959                     /usr/lib/jvm/java-8-oracle/jre/lib/amd64/libmanagement.so
7f446b6ab000-7f446b6ac000 rw-p 00008000 08:02 262959                     /usr/lib/jvm/java-8-oracle/jre/lib/amd64/libmanagement.so
7f446b6ac000-7f446b6d1000 r-xp 00000000 08:02 1835130                    /lib/x86_64-linux-gnu/libtinfo.so.5.9
7f446b6d1000-7f446b8d0000 ---p 00025000 08:02 1835130                    /lib/x86_64-linux-gnu/libtinfo.so.5.9
7f446b8d0000-7f446b8d4000 r--p 00024000 08:02 1835130                    /lib/x86_64-linux-gnu/libtinfo.so.5.9
7f446b8d4000-7f446b8d5000 rw-p 00028000 08:02 1835130                    /lib/x86_64-linux-gnu/libtinfo.so.5.9
7f446b8d5000-7f446b8f7000 r-xp 00000000 08:02 1835115                    /lib/x86_64-linux-gnu/libncurses.so.5.9
7f446b8f7000-7f446baf6000 ---p 00022000 08:02 1835115                    /lib/x86_64-linux-gnu/libncurses.so.5.9
7f446baf6000-7f446baf7000 r--p 00021000 08:02 1835115                    /lib/x86_64-linux-gnu/libncurses.so.5.9
7f446baf7000-7f446baf8000 rw-p 00022000 08:02 1835115                    /lib/x86_64-linux-gnu/libncurses.so.5.9
7f446baf8000-7f446bafb000 r-xp 00000000 08:03 4202412                    /home/gitkv/.gradle/native/19/linux-amd64/libnative-platform-curses.so
7f446bafb000-7f446bcfb000 ---p 00003000 08:03 4202412                    /home/gitkv/.gradle/native/19/linux-amd64/libnative-platform-curses.so
7f446bcfb000-7f446bcfc000 rw-p 00003000 08:03 4202412                    /home/gitkv/.gradle/native/19/linux-amd64/libnative-platform-curses.so
7f446bcfc000-7f446bde2000 r-xp 00000000 08:02 1592049                    /usr/lib/x86_64-linux-gnu/libstdc++.so.6.0.19
7f446bde2000-7f446bfe1000 ---p 000e6000 08:02 1592049                    /usr/lib/x86_64-linux-gnu/libstdc++.so.6.0.19
7f446bfe1000-7f446bfe9000 r--p 000e5000 08:02 1592049                    /usr/lib/x86_64-linux-gnu/libstdc++.so.6.0.19
7f446bfe9000-7f446bfeb000 rw-p 000ed000 08:02 1592049                    /usr/lib/x86_64-linux-gnu/libstdc++.so.6.0.19
7f446bfeb000-7f446c000000 rw-p 00000000 00:00 0 
7f446c000000-7f446c021000 rw-p 00000000 00:00 0 
7f446c021000-7f4470000000 ---p 00000000 00:00 0 
7f4470000000-7f4470001000 r--s 00003000 08:03 4201471                    /home/gitkv/.gradle/wrapper/dists/gradle-2.14.1-all/8bnwg5hd3w55iofp58khbp6yv/gradle-2.14.1/lib/plugins/aether-spi-1.13.1.jar
7f4470001000-7f4470006000 r--s 00040000 08:03 4201454                    /home/gitkv/.gradle/wrapper/dists/gradle-2.14.1-all/8bnwg5hd3w55iofp58khbp6yv/gradle-2.14.1/lib/plugins/jsch-0.1.53.jar
7f4470006000-7f447000a000 r--s 0001d000 08:03 4201463                    /home/gitkv/.gradle/wrapper/dists/gradle-2.14.1-all/8bnwg5hd3w55iofp58khbp6yv/gradle-2.14.1/lib/plugins/xbean-reflect-3.4.jar
7f447000a000-7f447000f000 r--s 0002a000 08:03 4201447                    /home/gitkv/.gradle/wrapper/dists/gradle-2.14.1-all/8bnwg5hd3w55iofp58khbp6yv/gradle-2.14.1/lib/plugins/gson-2.2.4.jar
7f447000f000-7f447001e000 r--s 000d9000 08:03 4201462                    /home/gitkv/.gradle/wrapper/dists/gradle-2.14.1-all/8bnwg5hd3w55iofp58khbp6yv/gradle-2.14.1/lib/plugins/ivy-2.2.0.jar
7f447001e000-7f447003a000 r--s 000d3000 08:03 4201429                    /home/gitkv/.gradle/wrapper/dists/gradle-2.14.1-all/8bnwg5hd3w55iofp58khbp6yv/gradle-2.14.1/lib/plugins/gradle-dependency-management-2.14.1.jar
7f447003a000-7f4470050000 r-xp 00000000 08:02 1835144                    /lib/x86_64-linux-gnu/libgcc_s.so.1
7f4470050000-7f447024f000 ---p 00016000 08:02 1835144                    /lib/x86_64-linux-gnu/libgcc_s.so.1
7f447024f000-7f4470250000 rw-p 00015000 08:02 1835144                    /lib/x86_64-linux-gnu/libgcc_s.so.1
7f4470250000-7f4474000000 rw-p 00000000 00:00 0 
7f4474000000-7f4474021000 rw-p 00000000 00:00 0 
7f4474021000-7f4478000000 ---p 00000000 00:00 0 
7f4478000000-7f4478001000 r--s 00006000 08:03 4201468                    /home/gitkv/.gradle/wrapper/dists/gradle-2.14.1-all/8bnwg5hd3w55iofp58khbp6yv/gradle-2.14.1/lib/plugins/plexus-sec-dispatcher-1.3.jar
7f4478001000-7f4478016000 r-xp 00000000 08:02 1350549                    /tmp/jna4966423833233458391.tmp
7f4478016000-7f4478115000 ---p 00015000 08:02 1350549                    /tmp/jna4966423833233458391.tmp
7f4478115000-7f4478117000 rw-p 00014000 08:02 1350549                    /tmp/jna4966423833233458391.tmp
7f4478117000-7f447811e000 r--s 00000000 08:02 1710882                    /usr/lib/x86_64-linux-gnu/gconv/gconv-modules.cache
7f447811e000-7f4478122000 r-xp 00000000 08:03 4202410                    /home/gitkv/.gradle/native/19/linux-amd64/libnative-platform.so
7f4478122000-7f4478321000 ---p 00004000 08:03 4202410                    /home/gitkv/.gradle/native/19/linux-amd64/libnative-platform.so
7f4478321000-7f4478322000 rw-p 00003000 08:03 4202410                    /home/gitkv/.gradle/native/19/linux-amd64/libnative-platform.so
7f4478322000-7f4478324000 r--s 00005000 08:03 4201339                    /home/gitkv/.gradle/wrapper/dists/gradle-2.14.1-all/8bnwg5hd3w55iofp58khbp6yv/gradle-2.14.1/lib/gradle-wrapper-2.14.1.jar
7f4478324000-7f4478332000 r--s 0004f000 08:03 4201346                    /home/gitkv/.gradle/wrapper/dists/gradle-2.14.1-all/8bnwg5hd3w55iofp58khbp6yv/gradle-2.14.1/lib/gradle-tooling-api-2.14.1.jar
7f4478332000-7f4478334000 r--s 00002000 08:03 4201366                    /home/gitkv/.gradle/wrapper/dists/gradle-2.14.1-all/8bnwg5hd3w55iofp58khbp6yv/gradle-2.14.1/lib/gradle-open-api-2.14.1.jar
7f4478334000-7f447833a000 r--s 00032000 08:03 4201368                    /home/gitkv/.gradle/wrapper/dists/gradle-2.14.1-all/8bnwg5hd3w55iofp58khbp6yv/gradle-2.14.1/lib/jaxen-1.1.jar
7f447833a000-7f447833f000 r--s 00048000 08:03 4201367                    /home/gitkv/.gradle/wrapper/dists/gradle-2.14.1-all/8bnwg5hd3w55iofp58khbp6yv/gradle-2.14.1/lib/dom4j-1.6.1.jar
7f447833f000-7f447834a000 r--s 00059000 08:03 4201345                    /home/gitkv/.gradle/wrapper/dists/gradle-2.14.1-all/8bnwg5hd3w55iofp58khbp6yv/gradle-2.14.1/lib/gradle-ui-2.14.1.jar
7f447834a000-7f447834d000 r--s 0000b000 08:03 4201364                    /home/gitkv/.gradle/wrapper/dists/gradle-2.14.1-all/8bnwg5hd3w55iofp58khbp6yv/gradle-2.14.1/lib/gradle-resources-2.14.1.jar
7f447834d000-7f447834f000 r--s 00003000 08:03 4201376                    /home/gitkv/.gradle/wrapper/dists/gradle-2.14.1-all/8bnwg5hd3w55iofp58khbp6yv/gradle-2.14.1/lib/jcl-over-slf4j-1.7.10.jar
7f447834f000-7f4478350000 r--s 00005000 08:03 4201375                    /home/gitkv/.gradle/wrapper/dists/gradle-2.14.1-all/8bnwg5hd3w55iofp58khbp6yv/gradle-2.14.1/lib/log4j-over-slf4j-1.7.10.jar
7f4478350000-7f4478352000 r--s 00000000 08:03 4201374                    /home/gitkv/.gradle/wrapper/dists/gradle-2.14.1-all/8bnwg5hd3w55iofp58khbp6yv/gradle-2.14.1/lib/jul-to-slf4j-1.7.10.jar
7f4478352000-7f4478357000 r--s 0001c000 08:03 4201363                    /home/gitkv/.gradle/wrapper/dists/gradle-2.14.1-all/8bnwg5hd3w55iofp58khbp6yv/gradle-2.14.1/lib/gradle-logging-2.14.1.jar
7f4478357000-7f4478359000 r--s 00007000 08:03 4201387                    /home/gitkv/.gradle/wrapper/dists/gradle-2.14.1-all/8bnwg5hd3w55iofp58khbp6yv/gradle-2.14.1/lib/objenesis-1.2.jar
7f4478359000-7f447835b000 r--s 00000000 08:03 4201386                    /home/gitkv/.gradle/wrapper/dists/gradle-2.14.1-all/8bnwg5hd3w55iofp58khbp6yv/gradle-2.14.1/lib/minlog-1.2.jar
7f447835b000-7f447835d000 r--s 0000f000 08:03 4201385                    /home/gitkv/.gradle/wrapper/dists/gradle-2.14.1-all/8bnwg5hd3w55iofp58khbp6yv/gradle-2.14.1/lib/reflectasm-1.07-shaded.jar
7f447835d000-7f4478361000 r--s 00026000 08:03 4201373                    /home/gitkv/.gradle/wrapper/dists/gradle-2.14.1-all/8bnwg5hd3w55iofp58khbp6yv/gradle-2.14.1/lib/kryo-2.20.jar
7f4478361000-7f4478367000 r--s 00025000 08:03 4201362                    /home/gitkv/.gradle/wrapper/dists/gradle-2.14.1-all/8bnwg5hd3w55iofp58khbp6yv/gradle-2.14.1/lib/gradle-messaging-2.14.1.jar
7f4478367000-7f4478368000 r--s 00003000 08:03 4201384                    /home/gitkv/.gradle/wrapper/dists/gradle-2.14.1-all/8bnwg5hd3w55iofp58khbp6yv/gradle-2.14.1/lib/native-platform-freebsd-amd64-0.10.jar
7f4478368000-7f4478369000 r--s 00003000 08:03 4201383                    /home/gitkv/.gradle/wrapper/dists/gradle-2.14.1-all/8bnwg5hd3w55iofp58khbp6yv/gradle-2.14.1/lib/native-platform-freebsd-i386-0.10.jar
7f4478369000-7f447836a000 r--s 00005000 08:03 4201382                    /home/gitkv/.gradle/wrapper/dists/gradle-2.14.1-all/8bnwg5hd3w55iofp58khbp6yv/gradle-2.14.1/lib/native-platform-windows-i386-0.10.jar
7f447836a000-7f447836b000 r--s 00005000 08:03 4201381                    /home/gitkv/.gradle/wrapper/dists/gradle-2.14.1-all/8bnwg5hd3w55iofp58khbp6yv/gradle-2.14.1/lib/native-platform-windows-amd64-0.10.jar
7f447836b000-7f447836c000 r--s 00003000 08:03 4201380                    /home/gitkv/.gradle/wrapper/dists/gradle-2.14.1-all/8bnwg5hd3w55iofp58khbp6yv/gradle-2.14.1/lib/native-platform-linux-i386-0.10.jar
7f447836c000-7f447836d000 r--s 00003000 08:03 4201379                    /home/gitkv/.gradle/wrapper/dists/gradle-2.14.1-all/8bnwg5hd3w55iofp58khbp6yv/gradle-2.14.1/lib/native-platform-linux-amd64-0.10.jar
7f447836d000-7f447836e000 r--s 00002000 08:03 4201378                    /home/gitkv/.gradle/wrapper/dists/gradle-2.14.1-all/8bnwg5hd3w55iofp58khbp6yv/gradle-2.14.1/lib/native-platform-osx-amd64-0.10.jar
7f447836e000-7f447836f000 r--s 00002000 08:03 4201377                    /home/gitkv/.gradle/wrapper/dists/gradle-2.14.1-all/8bnwg5hd3w55iofp58khbp6yv/gradle-2.14.1/lib/native-platform-osx-i386-0.10.jar
7f447836f000-7f4478371000 r--s 00008000 08:03 4201371                    /home/gitkv/.gradle/wrapper/dists/gradle-2.14.1-all/8bnwg5hd3w55iofp58khbp6yv/gradle-2.14.1/lib/jansi-1.2.1.jar
7f4478371000-7f4478374000 r--s 0000d000 08:03 4201370                    /home/gitkv/.gradle/wrapper/dists/gradle-2.14.1-all/8bnwg5hd3w55iofp58khbp6yv/gradle-2.14.1/lib/native-platform-0.10.jar
7f4478374000-7f4478378000 r--s 000e4000 08:03 4201369                    /home/gitkv/.gradle/wrapper/dists/gradle-2.14.1-all/8bnwg5hd3w55iofp58khbp6yv/gradle-2.14.1/lib/jna-3.2.7.jar
7f4478378000-7f447837a000 r--s 00009000 08:03 4201347                    /home/gitkv/.gradle/wrapper/dists/gradle-2.14.1-all/8bnwg5hd3w55iofp58khbp6yv/gradle-2.14.1/lib/gradle-native-2.14.1.jar
7f447837a000-7f447837c000 r--s 00005000 08:03 4201344                    /home/gitkv/.gradle/wrapper/dists/gradle-2.14.1-all/8bnwg5hd3w55iofp58khbp6yv/gradle-2.14.1/lib/gradle-cli-2.14.1.jar
7f447837c000-7f447837e000 r--s 00007000 08:03 4201354                    /home/gitkv/.gradle/wrapper/dists/gradle-2.14.1-all/8bnwg5hd3w55iofp58khbp6yv/gradle-2.14.1/lib/gradle-model-groovy-2.14.1.jar
7f447837e000-7f447837f000 r--s 00006000 08:03 4201361                    /home/gitkv/.gradle/wrapper/dists/gradle-2.14.1-all/8bnwg5hd3w55iofp58khbp6yv/gradle-2.14.1/lib/gradle-base-services-groovy-2.14.1.jar
7f447837f000-7f447838e000 r--s 00080000 08:03 4201353                    /home/gitkv/.gradle/wrapper/dists/gradle-2.14.1-all/8bnwg5hd3w55iofp58khbp6yv/gradle-2.14.1/lib/gradle-model-core-2.14.1.jar
7f447838e000-7f447838f000 r--s 00002000 08:03 4201365                    /home/gitkv/.gradle/wrapper/dists/gradle-2.14.1-all/8bnwg5hd3w55iofp58khbp6yv/gradle-2.14.1/lib/gradle-docs-2.14.1.jar
7f447838f000-7f4478393000 r--s 00027000 08:03 4201358                    /home/gitkv/.gradle/wrapper/dists/gradle-2.14.1-all/8bnwg5hd3w55iofp58khbp6yv/gradle-2.14.1/lib/commons-io-2.2.jar
7f4478393000-7f44783a0000 r--s 00083000 08:03 4201357                    /home/gitkv/.gradle/wrapper/dists/gradle-2.14.1-all/8bnwg5hd3w55iofp58khbp6yv/gradle-2.14.1/lib/commons-collections-3.2.2.jar
7f44783a0000-7f44783a5000 r--s 00038000 08:03 4201355                    /home/gitkv/.gradle/wrapper/dists/gradle-2.14.1-all/8bnwg5hd3w55iofp58khbp6yv/gradle-2.14.1/lib/asm-all-5.1.jar
7f44783a5000-7f4478414000 r--s 0063e000 08:03 4201352                    /home/gitkv/.gradle/wrapper/dists/gradle-2.14.1-all/8bnwg5hd3w55iofp58khbp6yv/gradle-2.14.1/lib/groovy-all-2.4.4.jar
7f4478414000-7f447843c000 r--s 001cf000 08:03 4201349                    /home/gitkv/.gradle/wrapper/dists/gradle-2.14.1-all/8bnwg5hd3w55iofp58khbp6yv/gradle-2.14.1/lib/guava-jdk5-17.0.jar
7f447843c000-7f447845b000 r--s 001d1000 08:03 4201356                    /home/gitkv/.gradle/wrapper/dists/gradle-2.14.1-all/8bnwg5hd3w55iofp58khbp6yv/gradle-2.14.1/lib/ant-1.9.6.jar
7f447845b000-7f4478492000 r--s 001bd000 08:03 4201343                    /home/gitkv/.gradle/wrapper/dists/gradle-2.14.1-all/8bnwg5hd3w55iofp58khbp6yv/gradle-2.14.1/lib/gradle-core-2.14.1.jar
7f4478492000-7f44784a3000 r-xp 00000000 08:02 262979                     /usr/lib/jvm/java-8-oracle/jre/lib/amd64/libnio.so
7f44784a3000-7f44786a2000 ---p 00011000 08:02 262979                     /usr/lib/jvm/java-8-oracle/jre/lib/amd64/libnio.so
7f44786a2000-7f44786a3000 rw-p 00010000 08:02 262979                     /usr/lib/jvm/java-8-oracle/jre/lib/amd64/libnio.so
7f44786a3000-7f44786d4000 rw-p 00000000 00:00 0 
7f44786d4000-7f44786ea000 r-xp 00000000 08:02 262971                     /usr/lib/jvm/java-8-oracle/jre/lib/amd64/libnet.so
7f44786ea000-7f44788ea000 ---p 00016000 08:02 262971                     /usr/lib/jvm/java-8-oracle/jre/lib/amd64/libnet.so
7f44788ea000-7f44788eb000 rw-p 00016000 08:02 262971                     /usr/lib/jvm/java-8-oracle/jre/lib/amd64/libnet.so
7f44788eb000-7f4478907000 r--s 00393000 08:02 268437                     /usr/lib/jvm/java-8-oracle/jre/lib/ext/cldrdata.jar
7f4478907000-7f4478908000 ---p 00000000 00:00 0 
7f4478908000-7f4478a08000 rw-p 00000000 00:00 0                          [stack:27326]
7f4478a08000-7f4478a0b000 ---p 00000000 00:00 0 
7f4478a0b000-7f4478b09000 rw-p 00000000 00:00 0                          [stack:27325]
7f4478b09000-7f4478b0c000 ---p 00000000 00:00 0 
7f4478b0c000-7f4478c0a000 rw-p 00000000 00:00 0                          [stack:27324]
7f4478c0a000-7f4478c0d000 ---p 00000000 00:00 0 
7f4478c0d000-7f4478d0b000 rw-p 00000000 00:00 0                          [stack:27323]
7f4478d0b000-7f4478d0e000 ---p 00000000 00:00 0 
7f4478d0e000-7f4478e0c000 rw-p 00000000 00:00 0                          [stack:27322]
7f4478e0c000-7f4478e0f000 ---p 00000000 00:00 0 
7f4478e0f000-7f4478f0d000 rw-p 00000000 00:00 0                          [stack:27321]
7f4478f0d000-7f4479721000 r--p 00000000 08:02 1709173                    /usr/lib/locale/locale-archive
7f4479721000-7f4479724000 ---p 00000000 00:00 0 
7f4479724000-7f4479822000 rw-p 00000000 00:00 0                          [stack:27320]
7f4479822000-7f4479825000 ---p 00000000 00:00 0 
7f4479825000-7f4479923000 rw-p 00000000 00:00 0                          [stack:27319]
7f4479923000-7f4479924000 ---p 00000000 00:00 0 
7f4479924000-7f447a9c4000 rw-p 00000000 00:00 0                          [stack:27318]
7f447a9c4000-7f447ab9d000 r--s 03d40000 08:02 262935                     /usr/lib/jvm/java-8-oracle/jre/lib/rt.jar
7f447ab9d000-7f447b778000 rw-p 00000000 00:00 0 
7f447b778000-7f447b779000 ---p 00000000 00:00 0 
7f447b779000-7f447b879000 rw-p 00000000 00:00 0                          [stack:27317]
7f447b879000-7f447b87a000 ---p 00000000 00:00 0 
7f447b87a000-7f447b97a000 rw-p 00000000 00:00 0                          [stack:27316]
7f447b97a000-7f447b97b000 ---p 00000000 00:00 0 
7f447b97b000-7f447ba7b000 rw-p 00000000 00:00 0                          [stack:27315]
7f447ba7b000-7f447ba7c000 ---p 00000000 00:00 0 
7f447ba7c000-7f447bba6000 rw-p 00000000 00:00 0                          [stack:27314]
7f447bba6000-7f447be0e000 ---p 00000000 00:00 0 
7f447be0e000-7f447be38000 rw-p 00000000 00:00 0 
7f447be38000-7f447c0a0000 ---p 00000000 00:00 0 
7f447c0a0000-7f447c0c4000 rw-p 00000000 00:00 0 
7f447c0c4000-7f447c1e9000 ---p 00000000 00:00 0 
7f447c1e9000-7f447c201000 rw-p 00000000 00:00 0 
7f447c201000-7f447c5aa000 ---p 00000000 00:00 0 
7f447c5aa000-7f447cb6a000 rwxp 00000000 00:00 0 
7f447cb6a000-7f448b5aa000 ---p 00000000 00:00 0 
7f448b5aa000-7f448b5c4000 r-xp 00000000 08:02 262998                     /usr/lib/jvm/java-8-oracle/jre/lib/amd64/libzip.so
7f448b5c4000-7f448b7c4000 ---p 0001a000 08:02 262998                     /usr/lib/jvm/java-8-oracle/jre/lib/amd64/libzip.so
7f448b7c4000-7f448b7c5000 rw-p 0001a000 08:02 262998                     /usr/lib/jvm/java-8-oracle/jre/lib/amd64/libzip.so
7f448b7c5000-7f448b7cf000 r-xp 00000000 08:02 1841675                    /lib/x86_64-linux-gnu/libnss_files-2.19.so
7f448b7cf000-7f448b9ce000 ---p 0000a000 08:02 1841675                    /lib/x86_64-linux-gnu/libnss_files-2.19.so
7f448b9ce000-7f448b9cf000 r--p 00009000 08:02 1841675                    /lib/x86_64-linux-gnu/libnss_files-2.19.so
7f448b9cf000-7f448b9d0000 rw-p 0000a000 08:02 1841675                    /lib/x86_64-linux-gnu/libnss_files-2.19.so
7f448b9d0000-7f448b9db000 r-xp 00000000 08:02 1841708                    /lib/x86_64-linux-gnu/libnss_nis-2.19.so
7f448b9db000-7f448bbda000 ---p 0000b000 08:02 1841708                    /lib/x86_64-linux-gnu/libnss_nis-2.19.so
7f448bbda000-7f448bbdb000 r--p 0000a000 08:02 1841708                    /lib/x86_64-linux-gnu/libnss_nis-2.19.so
7f448bbdb000-7f448bbdc000 rw-p 0000b000 08:02 1841708                    /lib/x86_64-linux-gnu/libnss_nis-2.19.so
7f448bbdc000-7f448bbf3000 r-xp 00000000 08:02 1841661                    /lib/x86_64-linux-gnu/libnsl-2.19.so
7f448bbf3000-7f448bdf2000 ---p 00017000 08:02 1841661                    /lib/x86_64-linux-gnu/libnsl-2.19.so
7f448bdf2000-7f448bdf3000 r--p 00016000 08:02 1841661                    /lib/x86_64-linux-gnu/libnsl-2.19.so
7f448bdf3000-7f448bdf4000 rw-p 00017000 08:02 1841661                    /lib/x86_64-linux-gnu/libnsl-2.19.so
7f448bdf4000-7f448bdf6000 rw-p 00000000 00:00 0 
7f448bdf6000-7f448bdff000 r-xp 00000000 08:02 1841703                    /lib/x86_64-linux-gnu/libnss_compat-2.19.so
7f448bdff000-7f448bffe000 ---p 00009000 08:02 1841703                    /lib/x86_64-linux-gnu/libnss_compat-2.19.so
7f448bffe000-7f448bfff000 r--p 00008000 08:02 1841703                    /lib/x86_64-linux-gnu/libnss_compat-2.19.so
7f448bfff000-7f448c000000 rw-p 00009000 08:02 1841703                    /lib/x86_64-linux-gnu/libnss_compat-2.19.so
7f448c000000-7f448d565000 rw-p 00000000 00:00 0 
7f448d565000-7f4490000000 ---p 00000000 00:00 0 
7f4490000000-7f4490001000 r--s 00000000 08:03 4201360                    /home/gitkv/.gradle/wrapper/dists/gradle-2.14.1-all/8bnwg5hd3w55iofp58khbp6yv/gradle-2.14.1/lib/javax.inject-1.jar
7f4490001000-7f4490002000 r--s 00000000 08:03 4201359                    /home/gitkv/.gradle/wrapper/dists/gradle-2.14.1-all/8bnwg5hd3w55iofp58khbp6yv/gradle-2.14.1/lib/jcip-annotations-1.0.jar
7f4490002000-7f4490003000 r--s 00001000 08:03 4201351                    /home/gitkv/.gradle/wrapper/dists/gradle-2.14.1-all/8bnwg5hd3w55iofp58khbp6yv/gradle-2.14.1/lib/gradle-process-services-2.14.1.jar
7f4490003000-7f4490004000 r--s 00000000 08:03 4201342                    /home/gitkv/.gradle/wrapper/dists/gradle-2.14.1-all/8bnwg5hd3w55iofp58khbp6yv/gradle-2.14.1/lib/gradle-jvm-services-2.14.1.jar
7f4490004000-7f449000c000 r--s 0003a000 08:03 4201341                    /home/gitkv/.gradle/wrapper/dists/gradle-2.14.1-all/8bnwg5hd3w55iofp58khbp6yv/gradle-2.14.1/lib/gradle-base-services-2.14.1.jar
7f449000c000-7f44900c4000 rw-p 00000000 00:00 0 
7f44900c4000-7f44900ef000 r-xp 00000000 08:02 262963                     /usr/lib/jvm/java-8-oracle/jre/lib/amd64/libjava.so
7f44900ef000-7f44902ee000 ---p 0002b000 08:02 262963                     /usr/lib/jvm/java-8-oracle/jre/lib/amd64/libjava.so
7f44902ee000-7f44902f0000 rw-p 0002a000 08:02 262963                     /usr/lib/jvm/java-8-oracle/jre/lib/amd64/libjava.so
7f44902f0000-7f44902fd000 r-xp 00000000 08:02 262953                     /usr/lib/jvm/java-8-oracle/jre/lib/amd64/libverify.so
7f44902fd000-7f44904fc000 ---p 0000d000 08:02 262953                     /usr/lib/jvm/java-8-oracle/jre/lib/amd64/libverify.so
7f44904fc000-7f44904fe000 rw-p 0000c000 08:02 262953                     /usr/lib/jvm/java-8-oracle/jre/lib/amd64/libverify.so
7f44904fe000-7f4490505000 r-xp 00000000 08:02 1841693                    /lib/x86_64-linux-gnu/librt-2.19.so
7f4490505000-7f4490704000 ---p 00007000 08:02 1841693                    /lib/x86_64-linux-gnu/librt-2.19.so
7f4490704000-7f4490705000 r--p 00006000 08:02 1841693                    /lib/x86_64-linux-gnu/librt-2.19.so
7f4490705000-7f4490706000 rw-p 00007000 08:02 1841693                    /lib/x86_64-linux-gnu/librt-2.19.so
7f4490706000-7f449080b000 r-xp 00000000 08:02 1841677                    /lib/x86_64-linux-gnu/libm-2.19.so
7f449080b000-7f4490a0a000 ---p 00105000 08:02 1841677                    /lib/x86_64-linux-gnu/libm-2.19.so
7f4490a0a000-7f4490a0b000 r--p 00104000 08:02 1841677                    /lib/x86_64-linux-gnu/libm-2.19.so
7f4490a0b000-7f4490a0c000 rw-p 00105000 08:02 1841677                    /lib/x86_64-linux-gnu/libm-2.19.so
7f4490a0c000-7f44916db000 r-xp 00000000 08:02 262995                     /usr/lib/jvm/java-8-oracle/jre/lib/amd64/server/libjvm.so
7f44916db000-7f44918db000 ---p 00ccf000 08:02 262995                     /usr/lib/jvm/java-8-oracle/jre/lib/amd64/server/libjvm.so
7f44918db000-7f44919b4000 rw-p 00ccf000 08:02 262995                     /usr/lib/jvm/java-8-oracle/jre/lib/amd64/server/libjvm.so
7f44919b4000-7f44919ff000 rw-p 00000000 00:00 0 
7f44919ff000-7f4491bbd000 r-xp 00000000 08:02 1841678                    /lib/x86_64-linux-gnu/libc-2.19.so
7f4491bbd000-7f4491dbd000 ---p 001be000 08:02 1841678                    /lib/x86_64-linux-gnu/libc-2.19.so
7f4491dbd000-7f4491dc1000 r--p 001be000 08:02 1841678                    /lib/x86_64-linux-gnu/libc-2.19.so
7f4491dc1000-7f4491dc3000 rw-p 001c2000 08:02 1841678                    /lib/x86_64-linux-gnu/libc-2.19.so
7f4491dc3000-7f4491dc8000 rw-p 00000000 00:00 0 
7f4491dc8000-7f4491dcb000 r-xp 00000000 08:02 1841687                    /lib/x86_64-linux-gnu/libdl-2.19.so
7f4491dcb000-7f4491fca000 ---p 00003000 08:02 1841687                    /lib/x86_64-linux-gnu/libdl-2.19.so
7f4491fca000-7f4491fcb000 r--p 00002000 08:02 1841687                    /lib/x86_64-linux-gnu/libdl-2.19.so
7f4491fcb000-7f4491fcc000 rw-p 00003000 08:02 1841687                    /lib/x86_64-linux-gnu/libdl-2.19.so
7f4491fcc000-7f4491fe1000 r-xp 00000000 08:02 268510                     /usr/lib/jvm/java-8-oracle/lib/amd64/jli/libjli.so
7f4491fe1000-7f44921e1000 ---p 00015000 08:02 268510                     /usr/lib/jvm/java-8-oracle/lib/amd64/jli/libjli.so
7f44921e1000-7f44921e2000 rw-p 00015000 08:02 268510                     /usr/lib/jvm/java-8-oracle/lib/amd64/jli/libjli.so
7f44921e2000-7f44921fb000 r-xp 00000000 08:02 1841679                    /lib/x86_64-linux-gnu/libpthread-2.19.so
7f44921fb000-7f44923fa000 ---p 00019000 08:02 1841679                    /lib/x86_64-linux-gnu/libpthread-2.19.so
7f44923fa000-7f44923fb000 r--p 00018000 08:02 1841679                    /lib/x86_64-linux-gnu/libpthread-2.19.so
7f44923fb000-7f44923fc000 rw-p 00019000 08:02 1841679                    /lib/x86_64-linux-gnu/libpthread-2.19.so
7f44923fc000-7f4492400000 rw-p 00000000 00:00 0 
7f4492400000-7f4492423000 r-xp 00000000 08:02 1841699                    /lib/x86_64-linux-gnu/ld-2.19.so
7f4492423000-7f4492428000 r--s 00041000 08:03 4201350                    /home/gitkv/.gradle/wrapper/dists/gradle-2.14.1-all/8bnwg5hd3w55iofp58khbp6yv/gradle-2.14.1/lib/commons-lang-2.6.jar
7f4492428000-7f4492429000 r--s 00007000 08:03 4201348                    /home/gitkv/.gradle/wrapper/dists/gradle-2.14.1-all/8bnwg5hd3w55iofp58khbp6yv/gradle-2.14.1/lib/slf4j-api-1.7.10.jar
7f4492429000-7f44924f4000 rw-p 00000000 00:00 0 
7f44924f4000-7f44924f7000 ---p 00000000 00:00 0 
7f44924f7000-7f44925f9000 rw-p 00000000 00:00 0                          [stack:27313]
7f44925f9000-7f44925fa000 r--s 00004000 08:03 4201372                    /home/gitkv/.gradle/wrapper/dists/gradle-2.14.1-all/8bnwg5hd3w55iofp58khbp6yv/gradle-2.14.1/lib/ant-launcher-1.9.6.jar
7f44925fa000-7f4492605000 r--s 00051000 08:03 4201338                    /home/gitkv/.gradle/wrapper/dists/gradle-2.14.1-all/8bnwg5hd3w55iofp58khbp6yv/gradle-2.14.1/lib/gradle-launcher-2.14.1.jar
7f4492605000-7f449260f000 r--s 00116000 08:02 268441                     /usr/lib/jvm/java-8-oracle/jre/lib/ext/localedata.jar
7f449260f000-7f4492614000 r--s 0009a000 08:02 263043                     /usr/lib/jvm/java-8-oracle/jre/lib/jsse.jar
7f4492614000-7f4492616000 r--s 0000b000 08:03 2622721                    /home/gitkv/nativeApp/mpt_mobile_app_client/android/gradle/wrapper/gradle-wrapper.jar
7f4492616000-7f449261e000 rw-s 00000000 08:02 1350247                    /tmp/hsperfdata_gitkv/27306
7f449261e000-7f449261f000 rw-p 00000000 00:00 0 
7f449261f000-7f4492620000 ---p 00000000 00:00 0 
7f4492620000-7f4492622000 rw-p 00000000 00:00 0 
7f4492622000-7f4492623000 r--p 00022000 08:02 1841699                    /lib/x86_64-linux-gnu/ld-2.19.so
7f4492623000-7f4492624000 rw-p 00023000 08:02 1841699                    /lib/x86_64-linux-gnu/ld-2.19.so
7f4492624000-7f4492625000 rw-p 00000000 00:00 0 
7ffdc51de000-7ffdc5300000 rw-p 00000000 00:00 0                          [stack]
7ffdc538d000-7ffdc538f000 r-xp 00000000 00:00 0                          [vdso]
ffffffffff600000-ffffffffff601000 r-xp 00000000 00:00 0                  [vsyscall]

VM Arguments:
jvm_args: -Dorg.gradle.appname=gradlew 
java_command: org.gradle.wrapper.GradleWrapperMain installDebug
java_class_path (initial): /home/gitkv/nativeApp/mpt_mobile_app_client/android/gradle/wrapper/gradle-wrapper.jar
Launcher Type: SUN_STANDARD

Environment Variables:
JAVA_HOME=/usr/lib/jvm/java-8-oracle
PATH=/usr/local/heroku/bin:/usr/local/heroku/bin:/usr/local/heroku/bin:/usr/local/sbin:/usr/local/bin:/usr/sbin:/usr/bin:/sbin:/bin:/usr/games:/usr/local/games:/usr/lib/jvm/java-8-oracle/bin:/usr/lib/jvm/java-8-oracle/db/bin:/usr/lib/jvm/java-8-oracle/jre/bin:/usr/lib/jvm/java-8-oracle/bin:/usr/lib/jvm/java-8-oracle/db/bin:/usr/lib/jvm/java-8-oracle/jre/bin:/home/gitkv/.config/composer/vendor/bin:/home/gitkv/Android/Sdk/tools:/home/gitkv/Android/Sdk/platform-tools:/usr/lib/jvm/java-8-oracle/bin:/usr/lib/jvm/java-8-oracle/db/bin:/usr/lib/jvm/java-8-oracle/jre/bin:/home/gitkv/.config/composer/vendor/bin:/home/gitkv/Android/Sdk/tools:/home/gitkv/Android/Sdk/platform-tools:/usr/lib/jvm/java-8-oracle/bin:/usr/lib/jvm/java-8-oracle/db/bin:/usr/lib/jvm/java-8-oracle/jre/bin:/home/gitkv/.config/composer/vendor/bin:/home/gitkv/Android/Sdk/tools:/home/gitkv/Android/Sdk/platform-tools
SHELL=/bin/bash
DISPLAY=:0

Signal Handlers:
SIGSEGV: [libjvm.so+0xac8af0], sa_mask[0]=11111111011111111101111111111110, sa_flags=SA_RESTART|SA_SIGINFO
SIGBUS: [libjvm.so+0xac8af0], sa_mask[0]=11111111011111111101111111111110, sa_flags=SA_RESTART|SA_SIGINFO
SIGFPE: [libjvm.so+0x921dd0], sa_mask[0]=11111111011111111101111111111110, sa_flags=SA_RESTART|SA_SIGINFO
SIGPIPE: [libjvm.so+0x921dd0], sa_mask[0]=11111111011111111101111111111110, sa_flags=SA_RESTART|SA_SIGINFO
SIGXFSZ: [libjvm.so+0x921dd0], sa_mask[0]=11111111011111111101111111111110, sa_flags=SA_RESTART|SA_SIGINFO
SIGILL: [libjvm.so+0x921dd0], sa_mask[0]=11111111011111111101111111111110, sa_flags=SA_RESTART|SA_SIGINFO
SIGUSR1: SIG_DFL, sa_mask[0]=00000000000000000000000000000000, sa_flags=none
SIGUSR2: [libjvm.so+0x923610], sa_mask[0]=00000000000000000000000000000000, sa_flags=SA_RESTART|SA_SIGINFO
SIGHUP: [libjvm.so+0x924a10], sa_mask[0]=11111111011111111101111111111110, sa_flags=SA_RESTART|SA_SIGINFO
SIGINT: [libjvm.so+0x924a10], sa_mask[0]=11111111011111111101111111111110, sa_flags=SA_RESTART|SA_SIGINFO
SIGTERM: [libjvm.so+0x924a10], sa_mask[0]=11111111011111111101111111111110, sa_flags=SA_RESTART|SA_SIGINFO
SIGQUIT: [libjvm.so+0x924a10], sa_mask[0]=11111111011111111101111111111110, sa_flags=SA_RESTART|SA_SIGINFO


---------------  S Y S T E M  ---------------

OS:DISTRIB_ID=Ubuntu
DISTRIB_RELEASE=14.04
DISTRIB_CODENAME=trusty
DISTRIB_DESCRIPTION="Ubuntu 14.04.5 LTS"

uname:Linux 3.13.0-121-generic #170-Ubuntu SMP Wed Jun 14 09:04:33 UTC 2017 x86_64
libc:glibc 2.19 NPTL 2.19 
rlimit: STACK 8192k, CORE 0k, NPROC 61412, NOFILE 4096, AS infinity
load average:15,50 5,24 2,91

/proc/meminfo:
MemTotal:        8080760 kB
MemFree:          113444 kB
Buffers:             144 kB
Cached:          1376408 kB
SwapCached:            0 kB
Active:          6917048 kB
Inactive:         738472 kB
Active(anon):    6910640 kB
Inactive(anon):   732536 kB
Active(file):       6408 kB
Inactive(file):     5936 kB
Unevictable:        2544 kB
Mlocked:            2544 kB
SwapTotal:             0 kB
SwapFree:              0 kB
Dirty:                 8 kB
Writeback:             0 kB
AnonPages:       6282196 kB
Mapped:           565536 kB
Shmem:           1364016 kB
Slab:             108548 kB
SReclaimable:      52232 kB
SUnreclaim:        56316 kB
KernelStack:        7296 kB
PageTables:        88724 kB
NFS_Unstable:          0 kB
Bounce:                0 kB
WritebackTmp:          0 kB
CommitLimit:     4040380 kB
Committed_AS:   19135120 kB
VmallocTotal:   34359738367 kB
VmallocUsed:      459148 kB
VmallocChunk:   34359252660 kB
HardwareCorrupted:     0 kB
AnonHugePages:   1974272 kB
HugePages_Total:       0
HugePages_Free:        0
HugePages_Rsvd:        0
HugePages_Surp:        0
Hugepagesize:       2048 kB
DirectMap4k:       90808 kB
DirectMap2M:     8202240 kB


CPU:total 4 (initial active 4) (2 cores per cpu, 2 threads per core) family 6 model 58 stepping 9, cmov, cx8, fxsr, mmx, sse, sse2, sse3, ssse3, sse4.1, sse4.2, popcnt, avx, aes, clmul, erms, ht, tsc, tscinvbit, tscinv

/proc/cpuinfo:
processor	: 0
vendor_id	: GenuineIntel
cpu family	: 6
model		: 58
model name	: Intel(R) Core(TM) i5-3210M CPU @ 2.50GHz
stepping	: 9
microcode	: 0x15
cpu MHz		: 2501.000
cache size	: 3072 KB
physical id	: 0
siblings	: 4
core id		: 0
cpu cores	: 2
apicid		: 0
initial apicid	: 0
fpu		: yes
fpu_exception	: yes
cpuid level	: 13
wp		: yes
flags		: fpu vme de pse tsc msr pae mce cx8 apic sep mtrr pge mca cmov pat pse36 clflush dts acpi mmx fxsr sse sse2 ss ht tm pbe syscall nx rdtscp lm constant_tsc arch_perfmon pebs bts rep_good nopl xtopology nonstop_tsc aperfmperf eagerfpu pni pclmulqdq dtes64 monitor ds_cpl vmx est tm2 ssse3 cx16 xtpr pdcm pcid sse4_1 sse4_2 x2apic popcnt tsc_deadline_timer aes xsave avx f16c rdrand lahf_lm ida arat xsaveopt pln pts dtherm tpr_shadow vnmi flexpriority ept vpid fsgsbase smep erms
bogomips	: 4988.88
clflush size	: 64
cache_alignment	: 64
address sizes	: 36 bits physical, 48 bits virtual
power management:

processor	: 1
vendor_id	: GenuineIntel
cpu family	: 6
model		: 58
model name	: Intel(R) Core(TM) i5-3210M CPU @ 2.50GHz
stepping	: 9
microcode	: 0x15
cpu MHz		: 2501.000
cache size	: 3072 KB
physical id	: 0
siblings	: 4
core id		: 1
cpu cores	: 2
apicid		: 2
initial apicid	: 2
fpu		: yes
fpu_exception	: yes
cpuid level	: 13
wp		: yes
flags		: fpu vme de pse tsc msr pae mce cx8 apic sep mtrr pge mca cmov pat pse36 clflush dts acpi mmx fxsr sse sse2 ss ht tm pbe syscall nx rdtscp lm constant_tsc arch_perfmon pebs bts rep_good nopl xtopology nonstop_tsc aperfmperf eagerfpu pni pclmulqdq dtes64 monitor ds_cpl vmx est tm2 ssse3 cx16 xtpr pdcm pcid sse4_1 sse4_2 x2apic popcnt tsc_deadline_timer aes xsave avx f16c rdrand lahf_lm ida arat xsaveopt pln pts dtherm tpr_shadow vnmi flexpriority ept vpid fsgsbase smep erms
bogomips	: 4988.88
clflush size	: 64
cache_alignment	: 64
address sizes	: 36 bits physical, 48 bits virtual
power management:

processor	: 2
vendor_id	: GenuineIntel
cpu family	: 6
model		: 58
model name	: Intel(R) Core(TM) i5-3210M CPU @ 2.50GHz
stepping	: 9
microcode	: 0x15
cpu MHz		: 2501.000
cache size	: 3072 KB
physical id	: 0
siblings	: 4
core id		: 0
cpu cores	: 2
apicid		: 1
initial apicid	: 1
fpu		: yes
fpu_exception	: yes
cpuid level	: 13
wp		: yes
flags		: fpu vme de pse tsc msr pae mce cx8 apic sep mtrr pge mca cmov pat pse36 clflush dts acpi mmx fxsr sse sse2 ss ht tm pbe syscall nx rdtscp lm constant_tsc arch_perfmon pebs bts rep_good nopl xtopology nonstop_tsc aperfmperf eagerfpu pni pclmulqdq dtes64 monitor ds_cpl vmx est tm2 ssse3 cx16 xtpr pdcm pcid sse4_1 sse4_2 x2apic popcnt tsc_deadline_timer aes xsave avx f16c rdrand lahf_lm ida arat xsaveopt pln pts dtherm tpr_shadow vnmi flexpriority ept vpid fsgsbase smep erms
bogomips	: 4988.88
clflush size	: 64
cache_alignment	: 64
address sizes	: 36 bits physical, 48 bits virtual
power management:

processor	: 3
vendor_id	: GenuineIntel
cpu family	: 6
model		: 58
model name	: Intel(R) Core(TM) i5-3210M CPU @ 2.50GHz
stepping	: 9
microcode	: 0x15
cpu MHz		: 2000.000
cache size	: 3072 KB
physical id	: 0
siblings	: 4
core id		: 1
cpu cores	: 2
apicid		: 3
initial apicid	: 3
fpu		: yes
fpu_exception	: yes
cpuid level	: 13
wp		: yes
flags		: fpu vme de pse tsc msr pae mce cx8 apic sep mtrr pge mca cmov pat pse36 clflush dts acpi mmx fxsr sse sse2 ss ht tm pbe syscall nx rdtscp lm constant_tsc arch_perfmon pebs bts rep_good nopl xtopology nonstop_tsc aperfmperf eagerfpu pni pclmulqdq dtes64 monitor ds_cpl vmx est tm2 ssse3 cx16 xtpr pdcm pcid sse4_1 sse4_2 x2apic popcnt tsc_deadline_timer aes xsave avx f16c rdrand lahf_lm ida arat xsaveopt pln pts dtherm tpr_shadow vnmi flexpriority ept vpid fsgsbase smep erms
bogomips	: 4988.88
clflush size	: 64
cache_alignment	: 64
address sizes	: 36 bits physical, 48 bits virtual
power management:



Memory: 4k page, physical 8080760k(114276k free), swap 0k(0k free)

vm_info: Java HotSpot(TM) 64-Bit Server VM (25.131-b11) for linux-amd64 JRE (1.8.0_131-b11), built on Mar 15 2017 01:23:40 by "java_re" with gcc 4.3.0 20080428 (Red Hat 4.3.0-8)

time: Thu Jul  6 18:55:04 2017
elapsed time: 54 seconds (0d 0h 0m 54s)

