#
# There is insufficient memory for the Java Runtime Environment to continue.
# Native memory allocation (mmap) failed to map 149946368 bytes for committing reserved memory.
# Possible reasons:
#   The system is out of physical RAM or swap space
#   In 32 bit mode, the process size limit was hit
# Possible solutions:
#   Reduce memory load on the system
#   Increase physical memory or swap space
#   Check if swap backing store is full
#   Use 64 bit Java on a 64 bit OS
#   Decrease Java heap size (-Xmx/-Xms)
#   Decrease number of Java threads
#   Decrease Java thread stack sizes (-Xss)
#   Set larger code cache with -XX:ReservedCodeCacheSize=
# This output file may be truncated or incomplete.
#
#  Out of Memory Error (os_linux.cpp:2640), pid=2829, tid=0x00007f6a60efe700
#
# JRE version: Java(TM) SE Runtime Environment (8.0_131-b11) (build 1.8.0_131-b11)
# Java VM: Java HotSpot(TM) 64-Bit Server VM (25.131-b11 mixed mode linux-amd64 compressed oops)
# Failed to write core dump. Core dumps have been disabled. To enable core dumping, try "ulimit -c unlimited" before starting Java again
#

---------------  T H R E A D  ---------------

Current thread (0x00007f6a7007a000):  VMThread [stack: 0x00007f6a60dfe000,0x00007f6a60eff000] [id=2839]

Stack: [0x00007f6a60dfe000,0x00007f6a60eff000],  sp=0x00007f6a60efd260,  free space=1020k
Native frames: (J=compiled Java code, j=interpreted, Vv=VM code, C=native code)
V  [libjvm.so+0xac826a]  VMError::report_and_die()+0x2ba
V  [libjvm.so+0x4fd4cb]  report_vm_out_of_memory(char const*, int, unsigned long, VMErrorType, char const*)+0x8b
V  [libjvm.so+0x924f53]  os::Linux::commit_memory_impl(char*, unsigned long, bool)+0x103
V  [libjvm.so+0x9254a9]  os::pd_commit_memory(char*, unsigned long, unsigned long, bool)+0x29
V  [libjvm.so+0x91f6ca]  os::commit_memory(char*, unsigned long, unsigned long, bool)+0x2a
V  [libjvm.so+0x9941e3]  PSVirtualSpace::expand_by(unsigned long)+0x53
V  [libjvm.so+0x9955e8]  PSYoungGen::resize_generation(unsigned long, unsigned long)+0xf8
V  [libjvm.so+0x994742]  PSYoungGen::resize(unsigned long, unsigned long)+0x22
V  [libjvm.so+0x991a1b]  PSScavenge::invoke_no_policy()+0xf3b
V  [libjvm.so+0x9921a1]  PSScavenge::invoke()+0x41
V  [libjvm.so+0x948f00]  ParallelScavengeHeap::failed_mem_allocate(unsigned long)+0x70
V  [libjvm.so+0xac9c87]  VM_ParallelGCFailedAllocation::doit()+0x97
V  [libjvm.so+0xad1765]  VM_Operation::evaluate()+0x55
V  [libjvm.so+0xacfb3a]  VMThread::evaluate_operation(VM_Operation*)+0xba
V  [libjvm.so+0xacfebe]  VMThread::loop()+0x1ce
V  [libjvm.so+0xad0330]  VMThread::run()+0x70
V  [libjvm.so+0x927568]  java_start(Thread*)+0x108

VM_Operation (0x00007f6a7964b060): ParallelGCFailedAllocation, mode: safepoint, requested by thread 0x00007f6a7000c000


---------------  P R O C E S S  ---------------

Java Threads: ( => current thread )
  0x00007f6a700dc800 JavaThread "Service Thread" daemon [_thread_blocked, id=2846, stack(0x00007f6a59dfe000,0x00007f6a59eff000)]
  0x00007f6a700bf800 JavaThread "C1 CompilerThread2" daemon [_thread_blocked, id=2845, stack(0x00007f6a59eff000,0x00007f6a5a000000)]
  0x00007f6a700bd800 JavaThread "C2 CompilerThread1" daemon [_thread_blocked, id=2844, stack(0x00007f6a600e5000,0x00007f6a601e6000)]
  0x00007f6a700ba800 JavaThread "C2 CompilerThread0" daemon [_thread_blocked, id=2843, stack(0x00007f6a601e6000,0x00007f6a602e7000)]
  0x00007f6a700b9000 JavaThread "Signal Dispatcher" daemon [_thread_blocked, id=2842, stack(0x00007f6a602e7000,0x00007f6a603e8000)]
  0x00007f6a70086000 JavaThread "Finalizer" daemon [_thread_blocked, id=2841, stack(0x00007f6a60bfc000,0x00007f6a60cfd000)]
  0x00007f6a70081800 JavaThread "Reference Handler" daemon [_thread_blocked, id=2840, stack(0x00007f6a60cfd000,0x00007f6a60dfe000)]
  0x00007f6a7000c000 JavaThread "main" [_thread_blocked, id=2834, stack(0x00007f6a7954c000,0x00007f6a7964d000)]

Other Threads:
=>0x00007f6a7007a000 VMThread [stack: 0x00007f6a60dfe000,0x00007f6a60eff000] [id=2839]
  0x00007f6a700df000 WatcherThread [stack: 0x00007f6a59cfd000,0x00007f6a59dfe000] [id=2847]

VM state:at safepoint (normal execution)

VM Mutex/Monitor currently owned by a thread:  ([mutex/lock_event])
[0x00007f6a70008410] Threads_lock - owner thread: 0x00007f6a7007a000
[0x00007f6a70008910] Heap_lock - owner thread: 0x00007f6a7000c000

Heap:
 PSYoungGen      total 132096K, used 3381K [0x00000000eab00000, 0x00000000f3100000, 0x0000000100000000)
  eden space 126976K, 0% used [0x00000000eab00000,0x00000000eab00000,0x00000000f2700000)
  from space 5120K, 66% used [0x00000000f2700000,0x00000000f2a4d430,0x00000000f2c00000)
  to   space 5120K, 0% used [0x00000000f2c00000,0x00000000f2c00000,0x00000000f3100000)
 ParOldGen       total 84992K, used 43334K [0x00000000c0000000, 0x00000000c5300000, 0x00000000eab00000)
  object space 84992K, 50% used [0x00000000c0000000,0x00000000c2a51880,0x00000000c5300000)
 Metaspace       used 5340K, capacity 5544K, committed 5760K, reserved 1056768K
  class space    used 573K, capacity 595K, committed 640K, reserved 1048576K

Card table byte_map: [0x00007f6a76105000,0x00007f6a76306000] byte_map_base: 0x00007f6a75b05000

Marking Bits: (ParMarkBitMap*) 0x00007f6a78a29f60
 Begin Bits: [0x00007f6a5a000000, 0x00007f6a5b000000)
 End Bits:   [0x00007f6a5b000000, 0x00007f6a5c000000)

Polling page: 0x00007f6a79677000

CodeCache: size=245760Kb used=3858Kb max_used=3858Kb free=241901Kb
 bounds [0x00007f6a61000000, 0x00007f6a613d0000, 0x00007f6a70000000]
 total_blobs=1419 nmethods=1134 adapters=199
 compilation: enabled

Compilation events (10 events):
Event: 1,811 Thread 0x00007f6a700bf800 1171       3       com.android.dx.io.instructions.ShortArrayCodeOutput::write (78 bytes)
Event: 1,812 Thread 0x00007f6a700bf800 nmethod 1171 0x00007f6a613b3e50 code [0x00007f6a613b4000, 0x00007f6a613b47b0]
Event: 1,826 Thread 0x00007f6a700bd800 nmethod 1161% 0x00007f6a613c60d0 code [0x00007f6a613c62e0, 0x00007f6a613c71d8]
Event: 1,826 Thread 0x00007f6a700bd800 1162       4       com.android.dx.merge.DexMerger$7::write (9 bytes)
Event: 1,830 Thread 0x00007f6a700bd800 nmethod 1162 0x00007f6a613c0910 code [0x00007f6a613c0aa0, 0x00007f6a613c0db8]
Event: 1,830 Thread 0x00007f6a700bd800 1173       4       com.android.dx.io.instructions.InstructionCodec$11::encode (22 bytes)
Event: 1,832 Thread 0x00007f6a700bd800 nmethod 1173 0x00007f6a613c0290 code [0x00007f6a613c0400, 0x00007f6a613c0638]
Event: 1,832 Thread 0x00007f6a700bd800 1170       4       com.android.dx.merge.DexMerger::transformClassDef (160 bytes)
Event: 1,847 Thread 0x00007f6a700bf800 1175       3       com.android.dx.io.instructions.InstructionCodec$34::decode (314 bytes)
Event: 1,851 Thread 0x00007f6a700bf800 nmethod 1175 0x00007f6a613c7f50 code [0x00007f6a613c83a0, 0x00007f6a613cb288]

GC Heap History (9 events):
Event: 0,672 GC heap before
{Heap before GC invocations=1 (full 0):
 PSYoungGen      total 36864K, used 31744K [0x00000000eab00000, 0x00000000ed400000, 0x0000000100000000)
  eden space 31744K, 100% used [0x00000000eab00000,0x00000000eca00000,0x00000000eca00000)
  from space 5120K, 0% used [0x00000000ecf00000,0x00000000ecf00000,0x00000000ed400000)
  to   space 5120K, 0% used [0x00000000eca00000,0x00000000eca00000,0x00000000ecf00000)
 ParOldGen       total 84992K, used 0K [0x00000000c0000000, 0x00000000c5300000, 0x00000000eab00000)
  object space 84992K, 0% used [0x00000000c0000000,0x00000000c0000000,0x00000000c5300000)
 Metaspace       used 5144K, capacity 5538K, committed 5760K, reserved 1056768K
  class space    used 564K, capacity 594K, committed 640K, reserved 1048576K
Event: 0,679 GC heap after
Heap after GC invocations=1 (full 0):
 PSYoungGen      total 36864K, used 5103K [0x00000000eab00000, 0x00000000ef300000, 0x0000000100000000)
  eden space 31744K, 0% used [0x00000000eab00000,0x00000000eab00000,0x00000000eca00000)
  from space 5120K, 99% used [0x00000000eca00000,0x00000000ecefbca0,0x00000000ecf00000)
  to   space 5120K, 0% used [0x00000000eee00000,0x00000000eee00000,0x00000000ef300000)
 ParOldGen       total 84992K, used 5251K [0x00000000c0000000, 0x00000000c5300000, 0x00000000eab00000)
  object space 84992K, 6% used [0x00000000c0000000,0x00000000c0520c48,0x00000000c5300000)
 Metaspace       used 5144K, capacity 5538K, committed 5760K, reserved 1056768K
  class space    used 564K, capacity 594K, committed 640K, reserved 1048576K
}
Event: 0,875 GC heap before
{Heap before GC invocations=2 (full 0):
 PSYoungGen      total 36864K, used 34504K [0x00000000eab00000, 0x00000000ef300000, 0x0000000100000000)
  eden space 31744K, 92% used [0x00000000eab00000,0x00000000ec7b6600,0x00000000eca00000)
  from space 5120K, 99% used [0x00000000eca00000,0x00000000ecefbca0,0x00000000ecf00000)
  to   space 5120K, 0% used [0x00000000eee00000,0x00000000eee00000,0x00000000ef300000)
 ParOldGen       total 84992K, used 5251K [0x00000000c0000000, 0x00000000c5300000, 0x00000000eab00000)
  object space 84992K, 6% used [0x00000000c0000000,0x00000000c0520c48,0x00000000c5300000)
 Metaspace       used 5287K, capacity 5544K, committed 5760K, reserved 1056768K
  class space    used 573K, capacity 595K, committed 640K, reserved 1048576K
Event: 0,887 GC heap after
Heap after GC invocations=2 (full 0):
 PSYoungGen      total 68608K, used 4891K [0x00000000eab00000, 0x00000000ef300000, 0x0000000100000000)
  eden space 63488K, 0% used [0x00000000eab00000,0x00000000eab00000,0x00000000ee900000)
  from space 5120K, 95% used [0x00000000eee00000,0x00000000ef2c6ee0,0x00000000ef300000)
  to   space 5120K, 0% used [0x00000000ee900000,0x00000000ee900000,0x00000000eee00000)
 ParOldGen       total 84992K, used 6711K [0x00000000c0000000, 0x00000000c5300000, 0x00000000eab00000)
  object space 84992K, 7% used [0x00000000c0000000,0x00000000c068dea8,0x00000000c5300000)
 Metaspace       used 5287K, capacity 5544K, committed 5760K, reserved 1056768K
  class space    used 573K, capacity 595K, committed 640K, reserved 1048576K
}
Event: 1,189 GC heap before
{Heap before GC invocations=3 (full 0):
 PSYoungGen      total 68608K, used 68379K [0x00000000eab00000, 0x00000000ef300000, 0x0000000100000000)
  eden space 63488K, 100% used [0x00000000eab00000,0x00000000ee900000,0x00000000ee900000)
  from space 5120K, 95% used [0x00000000eee00000,0x00000000ef2c6ee0,0x00000000ef300000)
  to   space 5120K, 0% used [0x00000000ee900000,0x00000000ee900000,0x00000000eee00000)
 ParOldGen       total 84992K, used 6711K [0x00000000c0000000, 0x00000000c5300000, 0x00000000eab00000)
  object space 84992K, 7% used [0x00000000c0000000,0x00000000c068dea8,0x00000000c5300000)
 Metaspace       used 5313K, capacity 5544K, committed 5760K, reserved 1056768K
  class space    used 573K, capacity 595K, committed 640K, reserved 1048576K
Event: 1,196 GC heap after
Heap after GC invocations=3 (full 0):
 PSYoungGen      total 68608K, used 5115K [0x00000000eab00000, 0x00000000f3100000, 0x0000000100000000)
  eden space 63488K, 0% used [0x00000000eab00000,0x00000000eab00000,0x00000000ee900000)
  from space 5120K, 99% used [0x00000000ee900000,0x00000000eedfeca8,0x00000000eee00000)
  to   space 5120K, 0% used [0x00000000f2c00000,0x00000000f2c00000,0x00000000f3100000)
 ParOldGen       total 84992K, used 13453K [0x00000000c0000000, 0x00000000c5300000, 0x00000000eab00000)
  object space 84992K, 15% used [0x00000000c0000000,0x00000000c0d237b8,0x00000000c5300000)
 Metaspace       used 5313K, capacity 5544K, committed 5760K, reserved 1056768K
  class space    used 573K, capacity 595K, committed 640K, reserved 1048576K
}
Event: 1,455 GC heap before
{Heap before GC invocations=4 (full 0):
 PSYoungGen      total 68608K, used 68603K [0x00000000eab00000, 0x00000000f3100000, 0x0000000100000000)
  eden space 63488K, 100% used [0x00000000eab00000,0x00000000ee900000,0x00000000ee900000)
  from space 5120K, 99% used [0x00000000ee900000,0x00000000eedfeca8,0x00000000eee00000)
  to   space 5120K, 0% used [0x00000000f2c00000,0x00000000f2c00000,0x00000000f3100000)
 ParOldGen       total 84992K, used 13453K [0x00000000c0000000, 0x00000000c5300000, 0x00000000eab00000)
  object space 84992K, 15% used [0x00000000c0000000,0x00000000c0d237b8,0x00000000c5300000)
 Metaspace       used 5328K, capacity 5544K, committed 5760K, reserved 1056768K
  class space    used 573K, capacity 595K, committed 640K, reserved 1048576K
Event: 1,460 GC heap after
Heap after GC invocations=4 (full 0):
 PSYoungGen      total 132096K, used 4515K [0x00000000eab00000, 0x00000000f3100000, 0x0000000100000000)
  eden space 126976K, 0% used [0x00000000eab00000,0x00000000eab00000,0x00000000f2700000)
  from space 5120K, 88% used [0x00000000f2c00000,0x00000000f3068c80,0x00000000f3100000)
  to   space 5120K, 0% used [0x00000000f2700000,0x00000000f2700000,0x00000000f2c00000)
 ParOldGen       total 84992K, used 22510K [0x00000000c0000000, 0x00000000c5300000, 0x00000000eab00000)
  object space 84992K, 26% used [0x00000000c0000000,0x00000000c15fb948,0x00000000c5300000)
 Metaspace       used 5328K, capacity 5544K, committed 5760K, reserved 1056768K
  class space    used 573K, capacity 595K, committed 640K, reserved 1048576K
}
Event: 1,853 GC heap before
{Heap before GC invocations=5 (full 0):
 PSYoungGen      total 132096K, used 131491K [0x00000000eab00000, 0x00000000f3100000, 0x0000000100000000)
  eden space 126976K, 100% used [0x00000000eab00000,0x00000000f2700000,0x00000000f2700000)
  from space 5120K, 88% used [0x00000000f2c00000,0x00000000f3068c80,0x00000000f3100000)
  to   space 5120K, 0% used [0x00000000f2700000,0x00000000f2700000,0x00000000f2c00000)
 ParOldGen       total 84992K, used 22510K [0x00000000c0000000, 0x00000000c5300000, 0x00000000eab00000)
  object space 84992K, 26% used [0x00000000c0000000,0x00000000c15fb948,0x00000000c5300000)
 Metaspace       used 5340K, capacity 5544K, committed 5760K, reserved 1056768K
  class space    used 573K, capacity 595K, committed 640K, reserved 1048576K

Deoptimization events (9 events):
Event: 0,392 Thread 0x00007f6a7000c000 Uncommon trap: reason=unstable_if action=reinterpret pc=0x00007f6a61164544 method=java.lang.String.indexOf(II)I @ 49
Event: 0,547 Thread 0x00007f6a7000c000 Uncommon trap: reason=unstable_if action=reinterpret pc=0x00007f6a611f19a0 method=com.android.dex.Mutf8.decode(Lcom/android/dex/util/ByteInput;[C)Ljava/lang/String; @ 37
Event: 0,547 Thread 0x00007f6a7000c000 Uncommon trap: reason=unstable_if action=reinterpret pc=0x00007f6a611f54e4 method=com.android.dex.Mutf8.countBytes(Ljava/lang/String;Z)J @ 35
Event: 0,547 Thread 0x00007f6a7000c000 Uncommon trap: reason=unstable_if action=reinterpret pc=0x00007f6a611fab84 method=com.android.dex.Mutf8.encode([BILjava/lang/String;)V @ 31
Event: 0,555 Thread 0x00007f6a7000c000 Uncommon trap: reason=predicate action=maybe_recompile pc=0x00007f6a61217104 method=com.android.dex.Leb128.readUnsignedLeb128(Lcom/android/dex/util/ByteInput;)I @ 41
Event: 0,903 Thread 0x00007f6a7000c000 Uncommon trap: reason=unstable_if action=reinterpret pc=0x00007f6a612ca8d0 method=com.android.dex.EncodedValueCodec.readUnsignedInt(Lcom/android/dex/util/ByteInput;IZ)I @ 3
Event: 1,291 Thread 0x00007f6a7000c000 Uncommon trap: reason=unstable_if action=reinterpret pc=0x00007f6a612a6d5c method=com.android.dex.Mutf8.countBytes(Ljava/lang/String;Z)J @ 28
Event: 1,291 Thread 0x00007f6a7000c000 Uncommon trap: reason=unstable_if action=reinterpret pc=0x00007f6a61245000 method=com.android.dex.Mutf8.encode([BILjava/lang/String;)V @ 24
Event: 1,384 Thread 0x00007f6a7000c000 Uncommon trap: reason=unstable_if action=reinterpret pc=0x00007f6a612a5210 method=com.android.dex.Mutf8.countBytes(Ljava/lang/String;Z)J @ 28

Internal exceptions (6 events):
Event: 0,079 Thread 0x00007f6a7000c000 Exception <a 'java/lang/NoSuchMethodError': Method sun.misc.Unsafe.defineClass(Ljava/lang/String;[BII)Ljava/lang/Class; name or signature does not match> (0x00000000eab07ca8) thrown at [/HUDSON/workspace/8-2-build-linux-amd64/jdk8u131/8869/hotspot/src/sha
Event: 0,079 Thread 0x00007f6a7000c000 Exception <a 'java/lang/NoSuchMethodError': Method sun.misc.Unsafe.prefetchRead(Ljava/lang/Object;J)V name or signature does not match> (0x00000000eab07f90) thrown at [/HUDSON/workspace/8-2-build-linux-amd64/jdk8u131/8869/hotspot/src/share/vm/prims/jni.cp
Event: 0,410 Thread 0x00007f6a7000c000 Exception <a 'java/security/PrivilegedActionException'> (0x00000000ebdfbaf8) thrown at [/HUDSON/workspace/8-2-build-linux-amd64/jdk8u131/8869/hotspot/src/share/vm/prims/jvm.cpp, line 1390]
Event: 0,410 Thread 0x00007f6a7000c000 Exception <a 'java/security/PrivilegedActionException'> (0x00000000ebdfbef0) thrown at [/HUDSON/workspace/8-2-build-linux-amd64/jdk8u131/8869/hotspot/src/share/vm/prims/jvm.cpp, line 1390]
Event: 0,411 Thread 0x00007f6a7000c000 Exception <a 'java/security/PrivilegedActionException'> (0x00000000ebdfe728) thrown at [/HUDSON/workspace/8-2-build-linux-amd64/jdk8u131/8869/hotspot/src/share/vm/prims/jvm.cpp, line 1390]
Event: 0,411 Thread 0x00007f6a7000c000 Exception <a 'java/security/PrivilegedActionException'> (0x00000000ebdfeb20) thrown at [/HUDSON/workspace/8-2-build-linux-amd64/jdk8u131/8869/hotspot/src/share/vm/prims/jvm.cpp, line 1390]

Events (10 events):
Event: 1,460 Executing VM operation: ParallelGCFailedAllocation done
Event: 1,520 Thread 0x00007f6a7000c000 DEOPT PACKING pc=0x00007f6a6122ea10 sp=0x00007f6a7964b350
Event: 1,520 Thread 0x00007f6a7000c000 DEOPT UNPACKING pc=0x00007f6a61047633 sp=0x00007f6a7964b060 mode 0
Event: 1,529 Thread 0x00007f6a7000c000 DEOPT PACKING pc=0x00007f6a6122ea10 sp=0x00007f6a7964b320
Event: 1,529 Thread 0x00007f6a7000c000 DEOPT UNPACKING pc=0x00007f6a61047633 sp=0x00007f6a7964b030 mode 0
Event: 1,752 Thread 0x00007f6a7000c000 DEOPT PACKING pc=0x00007f6a6131d352 sp=0x00007f6a7964b120
Event: 1,752 Thread 0x00007f6a7000c000 DEOPT UNPACKING pc=0x00007f6a61047633 sp=0x00007f6a7964aec0 mode 0
Event: 1,848 Thread 0x00007f6a7000c000 DEOPT PACKING pc=0x00007f6a612edfa7 sp=0x00007f6a7964b090
Event: 1,848 Thread 0x00007f6a7000c000 DEOPT UNPACKING pc=0x00007f6a61047633 sp=0x00007f6a7964aef8 mode 0
Event: 1,853 Executing VM operation: ParallelGCFailedAllocation


Dynamic libraries:
00400000-00401000 r-xp 00000000 08:02 269782                             /usr/lib/jvm/java-8-oracle/bin/java
00600000-00601000 rw-p 00000000 08:02 269782                             /usr/lib/jvm/java-8-oracle/bin/java
020d8000-020f9000 rw-p 00000000 00:00 0                                  [heap]
c0000000-c5300000 rw-p 00000000 00:00 0 
c5300000-eab00000 ---p 00000000 00:00 0 
eab00000-f3100000 rw-p 00000000 00:00 0 
fc000000-100000000 ---p 00000000 00:00 0 
100000000-1000a0000 rw-p 00000000 00:00 0 
1000a0000-140000000 ---p 00000000 00:00 0 
7f6a20000000-7f6a20021000 rw-p 00000000 00:00 0 
7f6a20021000-7f6a24000000 ---p 00000000 00:00 0 
7f6a28000000-7f6a2840e000 rw-p 00000000 00:00 0 
7f6a2840e000-7f6a2c000000 ---p 00000000 00:00 0 
7f6a2c000000-7f6a2c021000 rw-p 00000000 00:00 0 
7f6a2c021000-7f6a30000000 ---p 00000000 00:00 0 
7f6a30000000-7f6a309b3000 rw-p 00000000 00:00 0 
7f6a309b3000-7f6a34000000 ---p 00000000 00:00 0 
7f6a34000000-7f6a3497a000 rw-p 00000000 00:00 0 
7f6a3497a000-7f6a38000000 ---p 00000000 00:00 0 
7f6a38000000-7f6a38021000 rw-p 00000000 00:00 0 
7f6a38021000-7f6a3c000000 ---p 00000000 00:00 0 
7f6a3c000000-7f6a3c021000 rw-p 00000000 00:00 0 
7f6a3c021000-7f6a40000000 ---p 00000000 00:00 0 
7f6a40000000-7f6a40290000 rw-p 00000000 00:00 0 
7f6a40290000-7f6a44000000 ---p 00000000 00:00 0 
7f6a44000000-7f6a44021000 rw-p 00000000 00:00 0 
7f6a44021000-7f6a48000000 ---p 00000000 00:00 0 
7f6a48000000-7f6a48021000 rw-p 00000000 00:00 0 
7f6a48021000-7f6a4c000000 ---p 00000000 00:00 0 
7f6a4c000000-7f6a4c021000 rw-p 00000000 00:00 0 
7f6a4c021000-7f6a50000000 ---p 00000000 00:00 0 
7f6a54000000-7f6a54021000 rw-p 00000000 00:00 0 
7f6a54021000-7f6a58000000 ---p 00000000 00:00 0 
7f6a59cfd000-7f6a59cfe000 ---p 00000000 00:00 0 
7f6a59cfe000-7f6a59dfe000 rw-p 00000000 00:00 0                          [stack:2847]
7f6a59dfe000-7f6a59e01000 ---p 00000000 00:00 0 
7f6a59e01000-7f6a59eff000 rw-p 00000000 00:00 0                          [stack:2846]
7f6a59eff000-7f6a59f02000 ---p 00000000 00:00 0 
7f6a59f02000-7f6a5c000000 rw-p 00000000 00:00 0                          [stack:2845]
7f6a5c000000-7f6a5c021000 rw-p 00000000 00:00 0 
7f6a5c021000-7f6a60000000 ---p 00000000 00:00 0 
7f6a600e5000-7f6a600e8000 ---p 00000000 00:00 0 
7f6a600e8000-7f6a601e6000 rw-p 00000000 00:00 0                          [stack:2844]
7f6a601e6000-7f6a601e9000 ---p 00000000 00:00 0 
7f6a601e9000-7f6a602e7000 rw-p 00000000 00:00 0                          [stack:2843]
7f6a602e7000-7f6a602ea000 ---p 00000000 00:00 0 
7f6a602ea000-7f6a603e8000 rw-p 00000000 00:00 0                          [stack:2842]
7f6a603e8000-7f6a60bfc000 r--p 00000000 08:02 1709173                    /usr/lib/locale/locale-archive
7f6a60bfc000-7f6a60bff000 ---p 00000000 00:00 0 
7f6a60bff000-7f6a60cfd000 rw-p 00000000 00:00 0                          [stack:2841]
7f6a60cfd000-7f6a60d00000 ---p 00000000 00:00 0 
7f6a60d00000-7f6a60dfe000 rw-p 00000000 00:00 0                          [stack:2840]
7f6a60dfe000-7f6a60dff000 ---p 00000000 00:00 0 
7f6a60dff000-7f6a61000000 rw-p 00000000 00:00 0                          [stack:2839]
7f6a61000000-7f6a613d0000 rwxp 00000000 00:00 0 
7f6a613d0000-7f6a70000000 ---p 00000000 00:00 0 
7f6a70000000-7f6a703cd000 rw-p 00000000 00:00 0 
7f6a703cd000-7f6a74000000 ---p 00000000 00:00 0 
7f6a7403b000-7f6a74042000 r--s 00000000 08:02 1710882                    /usr/lib/x86_64-linux-gnu/gconv/gconv-modules.cache
7f6a74042000-7f6a74071000 r--p 00000000 08:02 665681                     /usr/share/locale-langpack/ru/LC_MESSAGES/libc.mo
7f6a74071000-7f6a7408d000 r--s 00393000 08:02 268437                     /usr/lib/jvm/java-8-oracle/jre/lib/ext/cldrdata.jar
7f6a7408d000-7f6a7409c000 r--s 000df000 08:03 658813                     /home/gitkv/Android/Sdk/build-tools/23.0.1/lib/dx.jar
7f6a7409c000-7f6a74f5c000 rw-p 00000000 00:00 0 
7f6a74f5c000-7f6a75135000 r--s 03d40000 08:02 262935                     /usr/lib/jvm/java-8-oracle/jre/lib/rt.jar
7f6a75135000-7f6a756ab000 rw-p 00000000 00:00 0 
7f6a756ab000-7f6a759ab000 ---p 00000000 00:00 0 
7f6a759ab000-7f6a75bab000 rw-p 00000000 00:00 0 
7f6a75bab000-7f6a75bac000 ---p 00000000 00:00 0 
7f6a75bac000-7f6a75cac000 rw-p 00000000 00:00 0                          [stack:2838]
7f6a75cac000-7f6a75cad000 ---p 00000000 00:00 0 
7f6a75cad000-7f6a75dad000 rw-p 00000000 00:00 0                          [stack:2837]
7f6a75dad000-7f6a75dae000 ---p 00000000 00:00 0 
7f6a75dae000-7f6a75eae000 rw-p 00000000 00:00 0                          [stack:2836]
7f6a75eae000-7f6a75eaf000 ---p 00000000 00:00 0 
7f6a75eaf000-7f6a75fd9000 rw-p 00000000 00:00 0                          [stack:2835]
7f6a75fd9000-7f6a76105000 ---p 00000000 00:00 0 
7f6a76105000-7f6a7612f000 rw-p 00000000 00:00 0 
7f6a7612f000-7f6a7625a000 ---p 00000000 00:00 0 
7f6a7625a000-7f6a7629e000 rw-p 00000000 00:00 0 
7f6a7629e000-7f6a76305000 ---p 00000000 00:00 0 
7f6a76305000-7f6a76316000 rw-p 00000000 00:00 0 
7f6a76316000-7f6a766c6000 ---p 00000000 00:00 0 
7f6a766c6000-7f6a766e0000 r-xp 00000000 08:02 262998                     /usr/lib/jvm/java-8-oracle/jre/lib/amd64/libzip.so
7f6a766e0000-7f6a768e0000 ---p 0001a000 08:02 262998                     /usr/lib/jvm/java-8-oracle/jre/lib/amd64/libzip.so
7f6a768e0000-7f6a768e1000 rw-p 0001a000 08:02 262998                     /usr/lib/jvm/java-8-oracle/jre/lib/amd64/libzip.so
7f6a768e1000-7f6a768eb000 r-xp 00000000 08:02 1841675                    /lib/x86_64-linux-gnu/libnss_files-2.19.so
7f6a768eb000-7f6a76aea000 ---p 0000a000 08:02 1841675                    /lib/x86_64-linux-gnu/libnss_files-2.19.so
7f6a76aea000-7f6a76aeb000 r--p 00009000 08:02 1841675                    /lib/x86_64-linux-gnu/libnss_files-2.19.so
7f6a76aeb000-7f6a76aec000 rw-p 0000a000 08:02 1841675                    /lib/x86_64-linux-gnu/libnss_files-2.19.so
7f6a76aec000-7f6a76af7000 r-xp 00000000 08:02 1841708                    /lib/x86_64-linux-gnu/libnss_nis-2.19.so
7f6a76af7000-7f6a76cf6000 ---p 0000b000 08:02 1841708                    /lib/x86_64-linux-gnu/libnss_nis-2.19.so
7f6a76cf6000-7f6a76cf7000 r--p 0000a000 08:02 1841708                    /lib/x86_64-linux-gnu/libnss_nis-2.19.so
7f6a76cf7000-7f6a76cf8000 rw-p 0000b000 08:02 1841708                    /lib/x86_64-linux-gnu/libnss_nis-2.19.so
7f6a76cf8000-7f6a76d0f000 r-xp 00000000 08:02 1841661                    /lib/x86_64-linux-gnu/libnsl-2.19.so
7f6a76d0f000-7f6a76f0e000 ---p 00017000 08:02 1841661                    /lib/x86_64-linux-gnu/libnsl-2.19.so
7f6a76f0e000-7f6a76f0f000 r--p 00016000 08:02 1841661                    /lib/x86_64-linux-gnu/libnsl-2.19.so
7f6a76f0f000-7f6a76f10000 rw-p 00017000 08:02 1841661                    /lib/x86_64-linux-gnu/libnsl-2.19.so
7f6a76f10000-7f6a76f12000 rw-p 00000000 00:00 0 
7f6a76f12000-7f6a76f1b000 r-xp 00000000 08:02 1841703                    /lib/x86_64-linux-gnu/libnss_compat-2.19.so
7f6a76f1b000-7f6a7711a000 ---p 00009000 08:02 1841703                    /lib/x86_64-linux-gnu/libnss_compat-2.19.so
7f6a7711a000-7f6a7711b000 r--p 00008000 08:02 1841703                    /lib/x86_64-linux-gnu/libnss_compat-2.19.so
7f6a7711b000-7f6a7711c000 rw-p 00009000 08:02 1841703                    /lib/x86_64-linux-gnu/libnss_compat-2.19.so
7f6a7711c000-7f6a77147000 r-xp 00000000 08:02 262963                     /usr/lib/jvm/java-8-oracle/jre/lib/amd64/libjava.so
7f6a77147000-7f6a77346000 ---p 0002b000 08:02 262963                     /usr/lib/jvm/java-8-oracle/jre/lib/amd64/libjava.so
7f6a77346000-7f6a77348000 rw-p 0002a000 08:02 262963                     /usr/lib/jvm/java-8-oracle/jre/lib/amd64/libjava.so
7f6a77348000-7f6a77355000 r-xp 00000000 08:02 262953                     /usr/lib/jvm/java-8-oracle/jre/lib/amd64/libverify.so
7f6a77355000-7f6a77554000 ---p 0000d000 08:02 262953                     /usr/lib/jvm/java-8-oracle/jre/lib/amd64/libverify.so
7f6a77554000-7f6a77556000 rw-p 0000c000 08:02 262953                     /usr/lib/jvm/java-8-oracle/jre/lib/amd64/libverify.so
7f6a77556000-7f6a7755d000 r-xp 00000000 08:02 1841693                    /lib/x86_64-linux-gnu/librt-2.19.so
7f6a7755d000-7f6a7775c000 ---p 00007000 08:02 1841693                    /lib/x86_64-linux-gnu/librt-2.19.so
7f6a7775c000-7f6a7775d000 r--p 00006000 08:02 1841693                    /lib/x86_64-linux-gnu/librt-2.19.so
7f6a7775d000-7f6a7775e000 rw-p 00007000 08:02 1841693                    /lib/x86_64-linux-gnu/librt-2.19.so
7f6a7775e000-7f6a77863000 r-xp 00000000 08:02 1841677                    /lib/x86_64-linux-gnu/libm-2.19.so
7f6a77863000-7f6a77a62000 ---p 00105000 08:02 1841677                    /lib/x86_64-linux-gnu/libm-2.19.so
7f6a77a62000-7f6a77a63000 r--p 00104000 08:02 1841677                    /lib/x86_64-linux-gnu/libm-2.19.so
7f6a77a63000-7f6a77a64000 rw-p 00105000 08:02 1841677                    /lib/x86_64-linux-gnu/libm-2.19.so
7f6a77a64000-7f6a78733000 r-xp 00000000 08:02 262995                     /usr/lib/jvm/java-8-oracle/jre/lib/amd64/server/libjvm.so
7f6a78733000-7f6a78933000 ---p 00ccf000 08:02 262995                     /usr/lib/jvm/java-8-oracle/jre/lib/amd64/server/libjvm.so
7f6a78933000-7f6a78a0c000 rw-p 00ccf000 08:02 262995                     /usr/lib/jvm/java-8-oracle/jre/lib/amd64/server/libjvm.so
7f6a78a0c000-7f6a78a57000 rw-p 00000000 00:00 0 
7f6a78a57000-7f6a78c15000 r-xp 00000000 08:02 1841678                    /lib/x86_64-linux-gnu/libc-2.19.so
7f6a78c15000-7f6a78e15000 ---p 001be000 08:02 1841678                    /lib/x86_64-linux-gnu/libc-2.19.so
7f6a78e15000-7f6a78e19000 r--p 001be000 08:02 1841678                    /lib/x86_64-linux-gnu/libc-2.19.so
7f6a78e19000-7f6a78e1b000 rw-p 001c2000 08:02 1841678                    /lib/x86_64-linux-gnu/libc-2.19.so
7f6a78e1b000-7f6a78e20000 rw-p 00000000 00:00 0 
7f6a78e20000-7f6a78e23000 r-xp 00000000 08:02 1841687                    /lib/x86_64-linux-gnu/libdl-2.19.so
7f6a78e23000-7f6a79022000 ---p 00003000 08:02 1841687                    /lib/x86_64-linux-gnu/libdl-2.19.so
7f6a79022000-7f6a79023000 r--p 00002000 08:02 1841687                    /lib/x86_64-linux-gnu/libdl-2.19.so
7f6a79023000-7f6a79024000 rw-p 00003000 08:02 1841687                    /lib/x86_64-linux-gnu/libdl-2.19.so
7f6a79024000-7f6a79039000 r-xp 00000000 08:02 268510                     /usr/lib/jvm/java-8-oracle/lib/amd64/jli/libjli.so
7f6a79039000-7f6a79239000 ---p 00015000 08:02 268510                     /usr/lib/jvm/java-8-oracle/lib/amd64/jli/libjli.so
7f6a79239000-7f6a7923a000 rw-p 00015000 08:02 268510                     /usr/lib/jvm/java-8-oracle/lib/amd64/jli/libjli.so
7f6a7923a000-7f6a79253000 r-xp 00000000 08:02 1841679                    /lib/x86_64-linux-gnu/libpthread-2.19.so
7f6a79253000-7f6a79452000 ---p 00019000 08:02 1841679                    /lib/x86_64-linux-gnu/libpthread-2.19.so
7f6a79452000-7f6a79453000 r--p 00018000 08:02 1841679                    /lib/x86_64-linux-gnu/libpthread-2.19.so
7f6a79453000-7f6a79454000 rw-p 00019000 08:02 1841679                    /lib/x86_64-linux-gnu/libpthread-2.19.so
7f6a79454000-7f6a79458000 rw-p 00000000 00:00 0 
7f6a79458000-7f6a7947b000 r-xp 00000000 08:02 1841699                    /lib/x86_64-linux-gnu/ld-2.19.so
7f6a7947d000-7f6a79487000 r--s 00116000 08:02 268441                     /usr/lib/jvm/java-8-oracle/jre/lib/ext/localedata.jar
7f6a79487000-7f6a7954c000 rw-p 00000000 00:00 0 
7f6a7954c000-7f6a7954f000 ---p 00000000 00:00 0 
7f6a7954f000-7f6a79651000 rw-p 00000000 00:00 0                          [stack:2834]
7f6a79654000-7f6a79655000 rw-p 00000000 00:00 0 
7f6a79655000-7f6a7965a000 r--s 0009a000 08:02 263043                     /usr/lib/jvm/java-8-oracle/jre/lib/jsse.jar
7f6a7965a000-7f6a7966e000 rw-p 00000000 00:00 0 
7f6a7966e000-7f6a79676000 rw-s 00000000 08:02 1352835                    /tmp/hsperfdata_gitkv/2829
7f6a79676000-7f6a79677000 rw-p 00000000 00:00 0 
7f6a79677000-7f6a79678000 ---p 00000000 00:00 0 
7f6a79678000-7f6a7967a000 rw-p 00000000 00:00 0 
7f6a7967a000-7f6a7967b000 r--p 00022000 08:02 1841699                    /lib/x86_64-linux-gnu/ld-2.19.so
7f6a7967b000-7f6a7967c000 rw-p 00023000 08:02 1841699                    /lib/x86_64-linux-gnu/ld-2.19.so
7f6a7967c000-7f6a7967d000 rw-p 00000000 00:00 0 
7fff2a249000-7fff2a36c000 rw-p 00000000 00:00 0                          [stack]
7fff2a3bc000-7fff2a3be000 r-xp 00000000 00:00 0                          [vdso]
ffffffffff600000-ffffffffff601000 r-xp 00000000 00:00 0                  [vsyscall]

VM Arguments:
jvm_args: -Djava.awt.headless=true -Xmx1024M -Dfile.encoding=UTF-8 -Duser.country=RU -Duser.language=ru -Duser.variant 
java_command: com.android.dx.command.Main --dex --num-threads=4 --output /home/gitkv/nativeApp/mpt_mobile_app_client/android/app/build/intermediates/transforms/dex/debug/folders/1000/1f/main /home/gitkv/nativeApp/mpt_mobile_app_client/android/app/build/intermediates/pre-dexed/debug/javax.inject-1_be60e838f532910c22005ba7a84f50cf84db0c84.jar /home/gitkv/nativeApp/mpt_mobile_app_client/android/app/build/intermediates/pre-dexed/debug/staticlayout-proxy-1.0_c814d8154a6b123500e916b1f1859b862e0471b0.jar /home/gitkv/nativeApp/mpt_mobile_app_client/android/app/build/intermediates/pre-dexed/debug/infer-annotations-4.0_11c6aaa214092df0cdafa0494a0513f980bea296.jar /home/gitkv/nativeApp/mpt_mobile_app_client/android/app/build/intermediates/pre-dexed/debug/support-annotations-23.0.1_a5346d0a7befbedf854a644e67197e8498757c74.jar /home/gitkv/nativeApp/mpt_mobile_app_client/android/app/build/intermediates/pre-dexed/debug/gisp-react-native-linear-gradient-unspecified_5eae607da04542989d3b57a3fa63f58a4647f757.jar /home/gitkv/nativeApp/mpt_mobile_app_client/android/app/build/intermediates/pre-dexed/debug/gisp-react-native-vector-icons-unspecified_c76781305c0ec5c67e6d81a1189041799a8e6f05.jar /home/gitkv/nativeApp/mpt_mobile_app_client/android/app/build/intermediates/pre-dexed/debug/com.facebook.fresco-imagepipeline-okhttp3-1.0.1_efee8a7824964a8e6a459be5a5eaed82bb90f8c6.jar /home/gitkv/nativeApp/mpt_mobile_app_client/android/app/build/intermediates/pre-dexed/debug/com.facebook.fresco-fresco-1.0.1_39632b8fd7d22ef8a4ac3ace0409dc2bea18a807.jar /home/gitkv/nativeApp/mpt_mobile_app_client/android/app/build/intermediates/pre-dexed/debug/com.facebook.fbui.textlayoutbuilder-textlayoutbuilder-1.0.0_5a1d17fc34a51cb18df555999c663bec170dc95d.jar /home/gitkv/nativeApp/mpt_mobile_app_client/android/app/build/intermediates/pre-dexed/debug/okhttp-ws-3.4.1_6e0a141939fb7e1e801ff2e76a0c2d8f71d88fa5.jar /home/gitkv/nativeApp/mpt_mobile_app_client/android/app/build/intermediates/pre-dexed/debug/bolts-tasks-
java_class_path (initial): /home/gitkv/Android/Sdk/build-tools/23.0.1/lib/dx.jar
Launcher Type: SUN_STANDARD

Environment Variables:
JAVA_HOME=/usr/lib/jvm/java-8-oracle
PATH=/usr/local/heroku/bin:/usr/local/heroku/bin:/usr/local/sbin:/usr/local/bin:/usr/sbin:/usr/bin:/sbin:/bin:/usr/games:/usr/local/games:/usr/lib/jvm/java-8-oracle/bin:/usr/lib/jvm/java-8-oracle/db/bin:/usr/lib/jvm/java-8-oracle/jre/bin:/usr/lib/jvm/java-8-oracle/bin:/usr/lib/jvm/java-8-oracle/db/bin:/usr/lib/jvm/java-8-oracle/jre/bin:/home/gitkv/.config/composer/vendor/bin:/home/gitkv/Android/Sdk/tools:/home/gitkv/Android/Sdk/platform-tools:/usr/lib/jvm/java-8-oracle/bin:/usr/lib/jvm/java-8-oracle/db/bin:/usr/lib/jvm/java-8-oracle/jre/bin:/home/gitkv/.config/composer/vendor/bin:/home/gitkv/Android/Sdk/tools:/home/gitkv/Android/Sdk/platform-tools
SHELL=/bin/bash
DISPLAY=:0

Signal Handlers:
SIGSEGV: [libjvm.so+0xac8af0], sa_mask[0]=11111111011111111101111111111110, sa_flags=SA_RESTART|SA_SIGINFO
SIGBUS: [libjvm.so+0xac8af0], sa_mask[0]=11111111011111111101111111111110, sa_flags=SA_RESTART|SA_SIGINFO
SIGFPE: [libjvm.so+0x921dd0], sa_mask[0]=11111111011111111101111111111110, sa_flags=SA_RESTART|SA_SIGINFO
SIGPIPE: [libjvm.so+0x921dd0], sa_mask[0]=11111111011111111101111111111110, sa_flags=SA_RESTART|SA_SIGINFO
SIGXFSZ: [libjvm.so+0x921dd0], sa_mask[0]=11111111011111111101111111111110, sa_flags=SA_RESTART|SA_SIGINFO
SIGILL: [libjvm.so+0x921dd0], sa_mask[0]=11111111011111111101111111111110, sa_flags=SA_RESTART|SA_SIGINFO
SIGUSR1: SIG_DFL, sa_mask[0]=00000000000000000000000000000000, sa_flags=none
SIGUSR2: [libjvm.so+0x923610], sa_mask[0]=00100000000000000000000000000000, sa_flags=SA_RESTART|SA_SIGINFO
SIGHUP: [libjvm.so+0x924a10], sa_mask[0]=11111111011111111101111111111110, sa_flags=SA_RESTART|SA_SIGINFO
SIGINT: [libjvm.so+0x924a10], sa_mask[0]=11111111011111111101111111111110, sa_flags=SA_RESTART|SA_SIGINFO
SIGTERM: [libjvm.so+0x924a10], sa_mask[0]=11111111011111111101111111111110, sa_flags=SA_RESTART|SA_SIGINFO
SIGQUIT: [libjvm.so+0x924a10], sa_mask[0]=11111111011111111101111111111110, sa_flags=SA_RESTART|SA_SIGINFO


---------------  S Y S T E M  ---------------

OS:DISTRIB_ID=Ubuntu
DISTRIB_RELEASE=14.04
DISTRIB_CODENAME=trusty
DISTRIB_DESCRIPTION="Ubuntu 14.04.5 LTS"

uname:Linux 3.13.0-121-generic #170-Ubuntu SMP Wed Jun 14 09:04:33 UTC 2017 x86_64
libc:glibc 2.19 NPTL 2.19 
rlimit: STACK 8192k, CORE 0k, NPROC 61412, NOFILE 4096, AS infinity
load average:15,73 6,38 2,80

/proc/meminfo:
MemTotal:        8080760 kB
MemFree:          134584 kB
Buffers:             344 kB
Cached:          1303380 kB
SwapCached:            0 kB
Active:          7004748 kB
Inactive:         630044 kB
Active(anon):    6995780 kB
Inactive(anon):   615544 kB
Active(file):       8968 kB
Inactive(file):    14500 kB
Unevictable:        2544 kB
Mlocked:            2544 kB
SwapTotal:             0 kB
SwapFree:              0 kB
Dirty:                68 kB
Writeback:             0 kB
AnonPages:       6334076 kB
Mapped:           503608 kB
Shmem:           1279752 kB
Slab:             107528 kB
SReclaimable:      51504 kB
SUnreclaim:        56024 kB
KernelStack:        7608 kB
PageTables:        86444 kB
NFS_Unstable:          0 kB
Bounce:                0 kB
WritebackTmp:          0 kB
CommitLimit:     4040380 kB
Committed_AS:   15827100 kB
VmallocTotal:   34359738367 kB
VmallocUsed:      459148 kB
VmallocChunk:   34359252660 kB
HardwareCorrupted:     0 kB
AnonHugePages:   1597440 kB
HugePages_Total:       0
HugePages_Free:        0
HugePages_Rsvd:        0
HugePages_Surp:        0
Hugepagesize:       2048 kB
DirectMap4k:      101048 kB
DirectMap2M:     8192000 kB


CPU:total 4 (initial active 4) (2 cores per cpu, 2 threads per core) family 6 model 58 stepping 9, cmov, cx8, fxsr, mmx, sse, sse2, sse3, ssse3, sse4.1, sse4.2, popcnt, avx, aes, clmul, erms, ht, tsc, tscinvbit, tscinv

/proc/cpuinfo:
processor	: 0
vendor_id	: GenuineIntel
cpu family	: 6
model		: 58
model name	: Intel(R) Core(TM) i5-3210M CPU @ 2.50GHz
stepping	: 9
microcode	: 0x15
cpu MHz		: 1200.000
cache size	: 3072 KB
physical id	: 0
siblings	: 4
core id		: 0
cpu cores	: 2
apicid		: 0
initial apicid	: 0
fpu		: yes
fpu_exception	: yes
cpuid level	: 13
wp		: yes
flags		: fpu vme de pse tsc msr pae mce cx8 apic sep mtrr pge mca cmov pat pse36 clflush dts acpi mmx fxsr sse sse2 ss ht tm pbe syscall nx rdtscp lm constant_tsc arch_perfmon pebs bts rep_good nopl xtopology nonstop_tsc aperfmperf eagerfpu pni pclmulqdq dtes64 monitor ds_cpl vmx est tm2 ssse3 cx16 xtpr pdcm pcid sse4_1 sse4_2 x2apic popcnt tsc_deadline_timer aes xsave avx f16c rdrand lahf_lm ida arat xsaveopt pln pts dtherm tpr_shadow vnmi flexpriority ept vpid fsgsbase smep erms
bogomips	: 4988.88
clflush size	: 64
cache_alignment	: 64
address sizes	: 36 bits physical, 48 bits virtual
power management:

processor	: 1
vendor_id	: GenuineIntel
cpu family	: 6
model		: 58
model name	: Intel(R) Core(TM) i5-3210M CPU @ 2.50GHz
stepping	: 9
microcode	: 0x15
cpu MHz		: 2501.000
cache size	: 3072 KB
physical id	: 0
siblings	: 4
core id		: 1
cpu cores	: 2
apicid		: 2
initial apicid	: 2
fpu		: yes
fpu_exception	: yes
cpuid level	: 13
wp		: yes
flags		: fpu vme de pse tsc msr pae mce cx8 apic sep mtrr pge mca cmov pat pse36 clflush dts acpi mmx fxsr sse sse2 ss ht tm pbe syscall nx rdtscp lm constant_tsc arch_perfmon pebs bts rep_good nopl xtopology nonstop_tsc aperfmperf eagerfpu pni pclmulqdq dtes64 monitor ds_cpl vmx est tm2 ssse3 cx16 xtpr pdcm pcid sse4_1 sse4_2 x2apic popcnt tsc_deadline_timer aes xsave avx f16c rdrand lahf_lm ida arat xsaveopt pln pts dtherm tpr_shadow vnmi flexpriority ept vpid fsgsbase smep erms
bogomips	: 4988.88
clflush size	: 64
cache_alignment	: 64
address sizes	: 36 bits physical, 48 bits virtual
power management:

processor	: 2
vendor_id	: GenuineIntel
cpu family	: 6
model		: 58
model name	: Intel(R) Core(TM) i5-3210M CPU @ 2.50GHz
stepping	: 9
microcode	: 0x15
cpu MHz		: 2501.000
cache size	: 3072 KB
physical id	: 0
siblings	: 4
core id		: 0
cpu cores	: 2
apicid		: 1
initial apicid	: 1
fpu		: yes
fpu_exception	: yes
cpuid level	: 13
wp		: yes
flags		: fpu vme de pse tsc msr pae mce cx8 apic sep mtrr pge mca cmov pat pse36 clflush dts acpi mmx fxsr sse sse2 ss ht tm pbe syscall nx rdtscp lm constant_tsc arch_perfmon pebs bts rep_good nopl xtopology nonstop_tsc aperfmperf eagerfpu pni pclmulqdq dtes64 monitor ds_cpl vmx est tm2 ssse3 cx16 xtpr pdcm pcid sse4_1 sse4_2 x2apic popcnt tsc_deadline_timer aes xsave avx f16c rdrand lahf_lm ida arat xsaveopt pln pts dtherm tpr_shadow vnmi flexpriority ept vpid fsgsbase smep erms
bogomips	: 4988.88
clflush size	: 64
cache_alignment	: 64
address sizes	: 36 bits physical, 48 bits virtual
power management:

processor	: 3
vendor_id	: GenuineIntel
cpu family	: 6
model		: 58
model name	: Intel(R) Core(TM) i5-3210M CPU @ 2.50GHz
stepping	: 9
microcode	: 0x15
cpu MHz		: 2100.000
cache size	: 3072 KB
physical id	: 0
siblings	: 4
core id		: 1
cpu cores	: 2
apicid		: 3
initial apicid	: 3
fpu		: yes
fpu_exception	: yes
cpuid level	: 13
wp		: yes
flags		: fpu vme de pse tsc msr pae mce cx8 apic sep mtrr pge mca cmov pat pse36 clflush dts acpi mmx fxsr sse sse2 ss ht tm pbe syscall nx rdtscp lm constant_tsc arch_perfmon pebs bts rep_good nopl xtopology nonstop_tsc aperfmperf eagerfpu pni pclmulqdq dtes64 monitor ds_cpl vmx est tm2 ssse3 cx16 xtpr pdcm pcid sse4_1 sse4_2 x2apic popcnt tsc_deadline_timer aes xsave avx f16c rdrand lahf_lm ida arat xsaveopt pln pts dtherm tpr_shadow vnmi flexpriority ept vpid fsgsbase smep erms
bogomips	: 4988.88
clflush size	: 64
cache_alignment	: 64
address sizes	: 36 bits physical, 48 bits virtual
power management:



Memory: 4k page, physical 8080760k(134584k free), swap 0k(0k free)

vm_info: Java HotSpot(TM) 64-Bit Server VM (25.131-b11) for linux-amd64 JRE (1.8.0_131-b11), built on Mar 15 2017 01:23:40 by "java_re" with gcc 4.3.0 20080428 (Red Hat 4.3.0-8)

time: Thu Jul  6 21:48:30 2017
elapsed time: 1 seconds (0d 0h 0m 1s)

